0 verbose cli C:\Program Files\nodejs\node.exe C:\Users\AM\AppData\Roaming\npm\node_modules\npm\bin\npm-cli.js
1 info using npm@11.5.2
2 info using node@v22.19.0
3 silly config load:file:C:\Users\AM\AppData\Roaming\npm\node_modules\npm\npmrc
4 silly config load:file:c:\Users\AM\Desktop\Orkideh Sewing Machine\sewing-store\frontend\.npmrc
5 silly config load:file:C:\Users\AM\.npmrc
6 silly config load:file:C:\Users\AM\AppData\Roaming\npm\etc\npmrc
7 verbose title npm view @testing-library/react description dist-tags.latest homepage version time
8 verbose argv "view" "--json" "--" "@testing-library/react" "description" "dist-tags.latest" "homepage" "version" "time"
9 verbose logfile logs-max:10 dir:c:\Users\AM\Desktop\Orkideh Sewing Machine\sewing-store\frontend\UsersAMAppDataLocalnpm-cache\_logs\2025-09-10T19_22_34_774Z-
10 verbose logfile c:\Users\AM\Desktop\Orkideh Sewing Machine\sewing-store\frontend\UsersAMAppDataLocalnpm-cache\_logs\2025-09-10T19_22_34_774Z-debug-0.log
11 silly logfile done cleaning log files
12 http fetch GET 200 https://registry.npmjs.org/npm 1712ms
13 http fetch GET 200 https://registry.npmjs.org/@testing-library%2freact 1576ms (cache miss)
14 verbose cwd c:\Users\AM\Desktop\Orkideh Sewing Machine\sewing-store\frontend
15 verbose os Windows_NT 10.0.26100
16 verbose node v22.19.0
17 verbose npm  v11.5.2
18 notice
18 notice New minor version of npm available! 11.5.2 -> 11.6.0
18 notice Changelog: https://github.com/npm/cli/releases/tag/v11.6.0
18 notice To update run: npm install -g npm@11.6.0
18 notice  { force: true, [Symbol(proc-log.meta)]: true }
19 verbose exit 0
20 info ok
