0 verbose cli C:\Program Files\nodejs\node.exe C:\Users\AM\AppData\Roaming\npm\node_modules\npm\bin\npm-cli.js
1 info using npm@11.5.2
2 info using node@v22.19.0
3 silly config load:file:C:\Users\AM\AppData\Roaming\npm\node_modules\npm\npmrc
4 silly config load:file:C:\Users\AM\Desktop\Orkideh Sewing Machine\sewing-store\frontend\.npmrc
5 silly config load:file:C:\Users\AM\.npmrc
6 silly config load:file:C:\Users\AM\AppData\Roaming\npm\etc\npmrc
7 verbose title npm cache clean
8 verbose argv "cache" "clean" "--force"
9 verbose logfile logs-max:10 dir:c:\Users\AM\Desktop\Orkideh Sewing Machine\sewing-store\frontend\UsersAMAppDataLocalnpm-cache\_logs\2025-09-11T12_19_54_599Z-
10 verbose logfile c:\Users\AM\Desktop\Orkideh Sewing Machine\sewing-store\frontend\UsersAMAppDataLocalnpm-cache\_logs\2025-09-11T12_19_54_599Z-debug-0.log
11 warn using --force Recommended protections disabled.
12 silly logfile start cleaning logs, removing 1 files
13 silly logfile done cleaning log files
14 verbose cwd C:\Users\AM\Desktop\Orkideh Sewing Machine\sewing-store\frontend
15 verbose os Windows_NT 10.0.26100
16 verbose node v22.19.0
17 verbose npm  v11.5.2
18 verbose exit 0
19 info ok
