0 verbose cli C:\Program Files\nodejs\node.exe C:\Users\AM\AppData\Roaming\npm\node_modules\npm\bin\npm-cli.js
1 info using npm@11.5.2
2 info using node@v22.19.0
3 silly config load:file:C:\Users\AM\AppData\Roaming\npm\node_modules\npm\npmrc
4 silly config load:file:C:\Users\AM\Desktop\Orkideh Sewing Machine\sewing-store\frontend\.npmrc
5 silly config load:file:C:\Users\AM\.npmrc
6 silly config load:file:C:\Users\AM\AppData\Roaming\npm\etc\npmrc
7 verbose title npm run dev
8 verbose argv "run" "dev"
9 verbose logfile logs-max:10 dir:c:\Users\AM\Desktop\Orkideh Sewing Machine\sewing-store\frontend\UsersAMAppDataLocalnpm-cache\_logs\2025-09-11T17_35_55_827Z-
10 verbose logfile c:\Users\AM\Desktop\Orkideh Sewing Machine\sewing-store\frontend\UsersAMAppDataLocalnpm-cache\_logs\2025-09-11T17_35_55_827Z-debug-0.log
11 silly logfile start cleaning logs, removing 1 files
12 silly logfile done cleaning log files
13 verbose cwd C:\Users\AM\Desktop\Orkideh Sewing Machine\sewing-store\frontend
14 verbose os Windows_NT 10.0.26100
15 verbose node v22.19.0
16 verbose npm  v11.5.2
17 verbose exit 1
18 verbose code 1
19 error A complete log of this run can be found in: c:\Users\AM\Desktop\Orkideh Sewing Machine\sewing-store\frontend\UsersAMAppDataLocalnpm-cache\_logs\2025-09-11T17_35_55_827Z-debug-0.log
