0 verbose cli C:\Program Files\nodejs\node.exe C:\Users\AM\AppData\Roaming\npm\node_modules\npm\bin\npm-cli.js
1 info using npm@11.5.2
2 info using node@v22.17.1
3 silly config load:file:C:\Users\AM\AppData\Roaming\npm\node_modules\npm\npmrc
4 silly config load:file:C:\Users\AM\Desktop\Orkideh Sewing Machine\sewing-store\.npmrc
5 silly config load:file:C:\Users\AM\.npmrc
6 silly config load:file:C:\Users\AM\AppData\Roaming\npm\etc\npmrc
7 verbose title npm start
8 verbose argv "start"
9 verbose logfile logs-max:10 dir:c:\Users\AM\Desktop\Orkideh Sewing Machine\sewing-store\src\UsersAMAppDataLocalnpm-cache\_logs\2025-08-17T10_02_24_682Z-
10 verbose logfile c:\Users\AM\Desktop\Orkideh Sewing Machine\sewing-store\src\UsersAMAppDataLocalnpm-cache\_logs\2025-08-17T10_02_24_682Z-debug-0.log
11 silly logfile done cleaning log files
12 http fetch GET 200 https://registry.npmjs.org/npm 1213ms
13 verbose cwd C:\Users\AM\Desktop\Orkideh Sewing Machine\sewing-store\src
14 verbose os Windows_NT 10.0.26100
15 verbose node v22.17.1
16 verbose npm  v11.5.2
17 verbose exit 1
18 verbose code 1
19 error A complete log of this run can be found in: c:\Users\AM\Desktop\Orkideh Sewing Machine\sewing-store\src\UsersAMAppDataLocalnpm-cache\_logs\2025-08-17T10_02_24_682Z-debug-0.log
