0 verbose cli C:\Program Files\nodejs\node.exe C:\Users\AM\AppData\Roaming\npm\node_modules\npm\bin\npm-cli.js
1 info using npm@11.5.2
2 info using node@v22.19.0
3 silly config load:file:C:\Users\AM\AppData\Roaming\npm\node_modules\npm\npmrc
4 silly config load:file:C:\Users\AM\Desktop\Orkideh Sewing Machine\sewing-store\backend\.npmrc
5 silly config load:file:C:\Users\AM\.npmrc
6 silly config load:file:C:\Users\AM\AppData\Roaming\npm\etc\npmrc
7 verbose title npm install
8 verbose argv "install"
9 verbose logfile logs-max:10 dir:c:\Users\AM\Desktop\Orkideh Sewing Machine\sewing-store\backend\UsersAMAppDataLocalnpm-cache\_logs\2025-09-11T07_05_47_616Z-
10 verbose logfile c:\Users\AM\Desktop\Orkideh Sewing Machine\sewing-store\backend\UsersAMAppDataLocalnpm-cache\_logs\2025-09-11T07_05_47_616Z-debug-0.log
11 silly logfile done cleaning log files
12 silly packumentCache heap:4345298944 maxSize:1086324736 maxEntrySize:543162368
13 silly idealTree buildDeps
14 silly reify moves {}
15 silly audit bulk request {
15 silly audit   '@mongodb-js/saslprep': [ '1.3.0' ],
15 silly audit   '@types/webidl-conversions': [ '7.0.3' ],
15 silly audit   '@types/whatwg-url': [ '11.0.5' ],
15 silly audit   accepts: [ '2.0.0' ],
15 silly audit   anymatch: [ '3.1.3' ],
15 silly audit   'balanced-match': [ '1.0.2' ],
15 silly audit   bcryptjs: [ '2.4.3' ],
15 silly audit   'binary-extensions': [ '2.3.0' ],
15 silly audit   'body-parser': [ '2.2.0' ],
15 silly audit   'brace-expansion': [ '1.1.12' ],
15 silly audit   braces: [ '3.0.3' ],
15 silly audit   bson: [ '6.10.4' ],
15 silly audit   'buffer-equal-constant-time': [ '1.0.1' ],
15 silly audit   bytes: [ '3.1.2' ],
15 silly audit   'call-bind-apply-helpers': [ '1.0.2' ],
15 silly audit   'call-bound': [ '1.0.4' ],
15 silly audit   chokidar: [ '3.6.0' ],
15 silly audit   'concat-map': [ '0.0.1' ],
15 silly audit   'content-disposition': [ '1.0.0' ],
15 silly audit   'content-type': [ '1.0.5' ],
15 silly audit   cookie: [ '0.7.2' ],
15 silly audit   'cookie-signature': [ '1.2.2' ],
15 silly audit   cors: [ '2.8.5' ],
15 silly audit   debug: [ '4.4.1' ],
15 silly audit   depd: [ '2.0.0' ],
15 silly audit   dotenv: [ '17.2.2' ],
15 silly audit   'dunder-proto': [ '1.0.1' ],
15 silly audit   'ecdsa-sig-formatter': [ '1.0.11' ],
15 silly audit   'ee-first': [ '1.1.1' ],
15 silly audit   encodeurl: [ '2.0.0' ],
15 silly audit   'es-define-property': [ '1.0.1' ],
15 silly audit   'es-errors': [ '1.3.0' ],
15 silly audit   'es-object-atoms': [ '1.1.1' ],
15 silly audit   'escape-html': [ '1.0.3' ],
15 silly audit   etag: [ '1.8.1' ],
15 silly audit   express: [ '5.1.0' ],
15 silly audit   'fill-range': [ '7.1.1' ],
15 silly audit   finalhandler: [ '2.1.0' ],
15 silly audit   forwarded: [ '0.2.0' ],
15 silly audit   fresh: [ '2.0.0' ],
15 silly audit   fsevents: [ '2.3.3' ],
15 silly audit   'function-bind': [ '1.1.2' ],
15 silly audit   'get-intrinsic': [ '1.3.0' ],
15 silly audit   'get-proto': [ '1.0.1' ],
15 silly audit   'glob-parent': [ '5.1.2' ],
15 silly audit   gopd: [ '1.2.0' ],
15 silly audit   'has-flag': [ '3.0.0' ],
15 silly audit   'has-symbols': [ '1.1.0' ],
15 silly audit   hasown: [ '2.0.2' ],
15 silly audit   'http-errors': [ '2.0.0' ],
15 silly audit   statuses: [ '2.0.1', '2.0.2' ],
15 silly audit   'iconv-lite': [ '0.6.3', '0.7.0' ],
15 silly audit   'ignore-by-default': [ '1.0.1' ],
15 silly audit   inherits: [ '2.0.4' ],
15 silly audit   'ipaddr.js': [ '1.9.1' ],
15 silly audit   'is-binary-path': [ '2.1.0' ],
15 silly audit   'is-extglob': [ '2.1.1' ],
15 silly audit   'is-glob': [ '4.0.3' ],
15 silly audit   'is-number': [ '7.0.0' ],
15 silly audit   'is-promise': [ '4.0.0' ],
15 silly audit   jsonwebtoken: [ '9.0.2' ],
15 silly audit   jwa: [ '1.4.2' ],
15 silly audit   jws: [ '3.2.2' ],
15 silly audit   kareem: [ '2.6.3' ],
15 silly audit   'lodash.includes': [ '4.3.0' ],
15 silly audit   'lodash.isboolean': [ '3.0.3' ],
15 silly audit   'lodash.isinteger': [ '4.0.4' ],
15 silly audit   'lodash.isnumber': [ '3.0.3' ],
15 silly audit   'lodash.isplainobject': [ '4.0.6' ],
15 silly audit   'lodash.isstring': [ '4.0.1' ],
15 silly audit   'lodash.once': [ '4.1.1' ],
15 silly audit   'math-intrinsics': [ '1.1.0' ],
15 silly audit   'media-typer': [ '1.1.0' ],
15 silly audit   'memory-pager': [ '1.5.0' ],
15 silly audit   'merge-descriptors': [ '2.0.0' ],
15 silly audit   'mime-db': [ '1.54.0' ],
15 silly audit   'mime-types': [ '3.0.1' ],
15 silly audit   minimatch: [ '3.1.2' ],
15 silly audit   mongodb: [ '6.18.0' ],
15 silly audit   'mongodb-connection-string-url': [ '3.0.2' ],
15 silly audit   mongoose: [ '8.18.1' ],
15 silly audit   mpath: [ '0.9.0' ],
15 silly audit   mquery: [ '5.0.0' ],
15 silly audit   ms: [ '2.1.3' ],
15 silly audit   negotiator: [ '1.0.0' ],
15 silly audit   nodemailer: [ '7.0.6' ],
15 silly audit   nodemon: [ '3.1.10' ],
15 silly audit   'normalize-path': [ '3.0.0' ],
15 silly audit   'object-assign': [ '4.1.1' ],
15 silly audit   'object-inspect': [ '1.13.4' ],
15 silly audit   'on-finished': [ '2.4.1' ],
15 silly audit   once: [ '1.4.0' ],
15 silly audit   parseurl: [ '1.3.3' ],
15 silly audit   'path-to-regexp': [ '8.3.0' ],
15 silly audit   picomatch: [ '2.3.1' ],
15 silly audit   'proxy-addr': [ '2.0.7' ],
15 silly audit   'pstree.remy': [ '1.1.8' ],
15 silly audit   punycode: [ '2.3.1' ],
15 silly audit   qs: [ '6.14.0' ],
15 silly audit   'range-parser': [ '1.2.1' ],
15 silly audit   'raw-body': [ '3.0.1' ],
15 silly audit   readdirp: [ '3.6.0' ],
15 silly audit   router: [ '2.2.0' ],
15 silly audit   'safe-buffer': [ '5.2.1' ],
15 silly audit   'safer-buffer': [ '2.1.2' ],
15 silly audit   semver: [ '7.7.2' ],
15 silly audit   send: [ '1.2.0' ],
15 silly audit   'serve-static': [ '2.2.0' ],
15 silly audit   setprototypeof: [ '1.2.0' ],
15 silly audit   'side-channel': [ '1.1.0' ],
15 silly audit   'side-channel-list': [ '1.0.0' ],
15 silly audit   'side-channel-map': [ '1.0.1' ],
15 silly audit   'side-channel-weakmap': [ '1.0.2' ],
15 silly audit   sift: [ '17.1.3' ],
15 silly audit   'simple-update-notifier': [ '2.0.0' ],
15 silly audit   'sparse-bitfield': [ '3.0.3' ],
15 silly audit   'supports-color': [ '5.5.0' ],
15 silly audit   'to-regex-range': [ '5.0.1' ],
15 silly audit   toidentifier: [ '1.0.1' ],
15 silly audit   touch: [ '3.1.1' ],
15 silly audit   tr46: [ '5.1.1' ],
15 silly audit   'type-is': [ '2.0.1' ],
15 silly audit   undefsafe: [ '2.0.5' ],
15 silly audit   unpipe: [ '1.0.0' ],
15 silly audit   vary: [ '1.1.2' ],
15 silly audit   'webidl-conversions': [ '7.0.0' ],
15 silly audit   'whatwg-url': [ '14.2.0' ],
15 silly audit   wrappy: [ '1.0.2' ]
15 silly audit }
16 verbose reify failed optional dependency C:\Users\AM\Desktop\Orkideh Sewing Machine\sewing-store\backend\node_modules\fsevents
17 silly reify mark deleted [
17 silly reify   'C:\\Users\\AM\\Desktop\\Orkideh Sewing Machine\\sewing-store\\backend\\node_modules\\fsevents'
17 silly reify ]
18 http cache wrappy@https://registry.npmjs.org/wrappy/-/wrappy-1.0.2.tgz 1ms (cache hit)
19 http cache webidl-conversions@https://registry.npmjs.org/webidl-conversions/-/webidl-conversions-7.0.0.tgz 0ms (cache hit)
20 http cache whatwg-url@https://registry.npmjs.org/whatwg-url/-/whatwg-url-14.2.0.tgz 0ms (cache hit)
21 http cache unpipe@https://registry.npmjs.org/unpipe/-/unpipe-1.0.0.tgz 0ms (cache hit)
22 http cache vary@https://registry.npmjs.org/vary/-/vary-1.1.2.tgz 0ms (cache hit)
23 http cache undefsafe@https://registry.npmjs.org/undefsafe/-/undefsafe-2.0.5.tgz 0ms (cache hit)
24 http cache type-is@https://registry.npmjs.org/type-is/-/type-is-2.0.1.tgz 0ms (cache hit)
25 http cache tr46@https://registry.npmjs.org/tr46/-/tr46-5.1.1.tgz 0ms (cache hit)
26 http cache touch@https://registry.npmjs.org/touch/-/touch-3.1.1.tgz 0ms (cache hit)
27 http cache toidentifier@https://registry.npmjs.org/toidentifier/-/toidentifier-1.0.1.tgz 1ms (cache hit)
28 http cache to-regex-range@https://registry.npmjs.org/to-regex-range/-/to-regex-range-5.0.1.tgz 0ms (cache hit)
29 http cache supports-color@https://registry.npmjs.org/supports-color/-/supports-color-5.5.0.tgz 0ms (cache hit)
30 http cache statuses@https://registry.npmjs.org/statuses/-/statuses-2.0.2.tgz 0ms (cache hit)
31 http cache sparse-bitfield@https://registry.npmjs.org/sparse-bitfield/-/sparse-bitfield-3.0.3.tgz 0ms (cache hit)
32 http cache simple-update-notifier@https://registry.npmjs.org/simple-update-notifier/-/simple-update-notifier-2.0.0.tgz 0ms (cache hit)
33 http cache sift@https://registry.npmjs.org/sift/-/sift-17.1.3.tgz 0ms (cache hit)
34 http cache side-channel-weakmap@https://registry.npmjs.org/side-channel-weakmap/-/side-channel-weakmap-1.0.2.tgz 0ms (cache hit)
35 http cache side-channel-map@https://registry.npmjs.org/side-channel-map/-/side-channel-map-1.0.1.tgz 0ms (cache hit)
36 http cache side-channel-list@https://registry.npmjs.org/side-channel-list/-/side-channel-list-1.0.0.tgz 0ms (cache hit)
37 http cache side-channel@https://registry.npmjs.org/side-channel/-/side-channel-1.1.0.tgz 0ms (cache hit)
38 http cache serve-static@https://registry.npmjs.org/serve-static/-/serve-static-2.2.0.tgz 0ms (cache hit)
39 http cache setprototypeof@https://registry.npmjs.org/setprototypeof/-/setprototypeof-1.2.0.tgz 0ms (cache hit)
40 http cache send@https://registry.npmjs.org/send/-/send-1.2.0.tgz 0ms (cache hit)
41 http cache semver@https://registry.npmjs.org/semver/-/semver-7.7.2.tgz 0ms (cache hit)
42 http cache safer-buffer@https://registry.npmjs.org/safer-buffer/-/safer-buffer-2.1.2.tgz 0ms (cache hit)
43 http cache safe-buffer@https://registry.npmjs.org/safe-buffer/-/safe-buffer-5.2.1.tgz 0ms (cache hit)
44 http cache router@https://registry.npmjs.org/router/-/router-2.2.0.tgz 0ms (cache hit)
45 http cache readdirp@https://registry.npmjs.org/readdirp/-/readdirp-3.6.0.tgz 0ms (cache hit)
46 http cache raw-body@https://registry.npmjs.org/raw-body/-/raw-body-3.0.1.tgz 0ms (cache hit)
47 http cache range-parser@https://registry.npmjs.org/range-parser/-/range-parser-1.2.1.tgz 0ms (cache hit)
48 http cache qs@https://registry.npmjs.org/qs/-/qs-6.14.0.tgz 0ms (cache hit)
49 http cache pstree.remy@https://registry.npmjs.org/pstree.remy/-/pstree.remy-1.1.8.tgz 1ms (cache hit)
50 http cache punycode@https://registry.npmjs.org/punycode/-/punycode-2.3.1.tgz 0ms (cache hit)
51 http cache proxy-addr@https://registry.npmjs.org/proxy-addr/-/proxy-addr-2.0.7.tgz 0ms (cache hit)
52 http cache picomatch@https://registry.npmjs.org/picomatch/-/picomatch-2.3.1.tgz 0ms (cache hit)
53 http cache path-to-regexp@https://registry.npmjs.org/path-to-regexp/-/path-to-regexp-8.3.0.tgz 0ms (cache hit)
54 http cache parseurl@https://registry.npmjs.org/parseurl/-/parseurl-1.3.3.tgz 0ms (cache hit)
55 http cache once@https://registry.npmjs.org/once/-/once-1.4.0.tgz 0ms (cache hit)
56 http cache on-finished@https://registry.npmjs.org/on-finished/-/on-finished-2.4.1.tgz 0ms (cache hit)
57 http cache object-assign@https://registry.npmjs.org/object-assign/-/object-assign-4.1.1.tgz 0ms (cache hit)
58 http cache object-inspect@https://registry.npmjs.org/object-inspect/-/object-inspect-1.13.4.tgz 0ms (cache hit)
59 http cache normalize-path@https://registry.npmjs.org/normalize-path/-/normalize-path-3.0.0.tgz 0ms (cache hit)
60 http cache nodemon@https://registry.npmjs.org/nodemon/-/nodemon-3.1.10.tgz 0ms (cache hit)
61 http cache negotiator@https://registry.npmjs.org/negotiator/-/negotiator-1.0.0.tgz 1ms (cache hit)
62 http cache nodemailer@https://registry.npmjs.org/nodemailer/-/nodemailer-7.0.6.tgz 0ms (cache hit)
63 http cache mpath@https://registry.npmjs.org/mpath/-/mpath-0.9.0.tgz 0ms (cache hit)
64 http cache mquery@https://registry.npmjs.org/mquery/-/mquery-5.0.0.tgz 0ms (cache hit)
65 http cache ms@https://registry.npmjs.org/ms/-/ms-2.1.3.tgz 0ms (cache hit)
66 http cache mongodb-connection-string-url@https://registry.npmjs.org/mongodb-connection-string-url/-/mongodb-connection-string-url-3.0.2.tgz 0ms (cache hit)
67 http cache mongoose@https://registry.npmjs.org/mongoose/-/mongoose-8.18.1.tgz 0ms (cache hit)
68 http cache minimatch@https://registry.npmjs.org/minimatch/-/minimatch-3.1.2.tgz 0ms (cache hit)
69 http cache mime-types@https://registry.npmjs.org/mime-types/-/mime-types-3.0.1.tgz 0ms (cache hit)
70 http cache mongodb@https://registry.npmjs.org/mongodb/-/mongodb-6.18.0.tgz 0ms (cache hit)
71 http cache mime-db@https://registry.npmjs.org/mime-db/-/mime-db-1.54.0.tgz 0ms (cache hit)
72 http cache memory-pager@https://registry.npmjs.org/memory-pager/-/memory-pager-1.5.0.tgz 0ms (cache hit)
73 http cache merge-descriptors@https://registry.npmjs.org/merge-descriptors/-/merge-descriptors-2.0.0.tgz 0ms (cache hit)
74 http cache lodash.isstring@https://registry.npmjs.org/lodash.isstring/-/lodash.isstring-4.0.1.tgz 0ms (cache hit)
75 http cache media-typer@https://registry.npmjs.org/media-typer/-/media-typer-1.1.0.tgz 0ms (cache hit)
76 http cache math-intrinsics@https://registry.npmjs.org/math-intrinsics/-/math-intrinsics-1.1.0.tgz 0ms (cache hit)
77 http cache lodash.isplainobject@https://registry.npmjs.org/lodash.isplainobject/-/lodash.isplainobject-4.0.6.tgz 0ms (cache hit)
78 http cache lodash.once@https://registry.npmjs.org/lodash.once/-/lodash.once-4.1.1.tgz 0ms (cache hit)
79 http cache lodash.isnumber@https://registry.npmjs.org/lodash.isnumber/-/lodash.isnumber-3.0.3.tgz 0ms (cache hit)
80 http cache lodash.isinteger@https://registry.npmjs.org/lodash.isinteger/-/lodash.isinteger-4.0.4.tgz 0ms (cache hit)
81 http cache lodash.isboolean@https://registry.npmjs.org/lodash.isboolean/-/lodash.isboolean-3.0.3.tgz 0ms (cache hit)
82 http cache kareem@https://registry.npmjs.org/kareem/-/kareem-2.6.3.tgz 0ms (cache hit)
83 http cache lodash.includes@https://registry.npmjs.org/lodash.includes/-/lodash.includes-4.3.0.tgz 0ms (cache hit)
84 http cache jws@https://registry.npmjs.org/jws/-/jws-3.2.2.tgz 0ms (cache hit)
85 http cache jsonwebtoken@https://registry.npmjs.org/jsonwebtoken/-/jsonwebtoken-9.0.2.tgz 0ms (cache hit)
86 http cache jwa@https://registry.npmjs.org/jwa/-/jwa-1.4.2.tgz 0ms (cache hit)
87 http cache is-glob@https://registry.npmjs.org/is-glob/-/is-glob-4.0.3.tgz 0ms (cache hit)
88 http cache is-promise@https://registry.npmjs.org/is-promise/-/is-promise-4.0.0.tgz 0ms (cache hit)
89 http cache is-number@https://registry.npmjs.org/is-number/-/is-number-7.0.0.tgz 0ms (cache hit)
90 http cache is-extglob@https://registry.npmjs.org/is-extglob/-/is-extglob-2.1.1.tgz 0ms (cache hit)
91 http cache inherits@https://registry.npmjs.org/inherits/-/inherits-2.0.4.tgz 0ms (cache hit)
92 http cache ignore-by-default@https://registry.npmjs.org/ignore-by-default/-/ignore-by-default-1.0.1.tgz 0ms (cache hit)
93 http cache is-binary-path@https://registry.npmjs.org/is-binary-path/-/is-binary-path-2.1.0.tgz 0ms (cache hit)
94 http cache ipaddr.js@https://registry.npmjs.org/ipaddr.js/-/ipaddr.js-1.9.1.tgz 0ms (cache hit)
95 http cache iconv-lite@https://registry.npmjs.org/iconv-lite/-/iconv-lite-0.6.3.tgz 0ms (cache hit)
96 http cache http-errors@https://registry.npmjs.org/http-errors/-/http-errors-2.0.0.tgz 0ms (cache hit)
97 http cache hasown@https://registry.npmjs.org/hasown/-/hasown-2.0.2.tgz 0ms (cache hit)
98 http cache has-symbols@https://registry.npmjs.org/has-symbols/-/has-symbols-1.1.0.tgz 0ms (cache hit)
99 http cache has-flag@https://registry.npmjs.org/has-flag/-/has-flag-3.0.0.tgz 0ms (cache hit)
100 http cache gopd@https://registry.npmjs.org/gopd/-/gopd-1.2.0.tgz 0ms (cache hit)
101 http cache glob-parent@https://registry.npmjs.org/glob-parent/-/glob-parent-5.1.2.tgz 0ms (cache hit)
102 http cache get-proto@https://registry.npmjs.org/get-proto/-/get-proto-1.0.1.tgz 0ms (cache hit)
103 http cache get-intrinsic@https://registry.npmjs.org/get-intrinsic/-/get-intrinsic-1.3.0.tgz 0ms (cache hit)
104 http cache function-bind@https://registry.npmjs.org/function-bind/-/function-bind-1.1.2.tgz 0ms (cache hit)
105 http cache fresh@https://registry.npmjs.org/fresh/-/fresh-2.0.0.tgz 0ms (cache hit)
106 http cache forwarded@https://registry.npmjs.org/forwarded/-/forwarded-0.2.0.tgz 0ms (cache hit)
107 http cache fill-range@https://registry.npmjs.org/fill-range/-/fill-range-7.1.1.tgz 0ms (cache hit)
108 http cache finalhandler@https://registry.npmjs.org/finalhandler/-/finalhandler-2.1.0.tgz 0ms (cache hit)
109 http cache express@https://registry.npmjs.org/express/-/express-5.1.0.tgz 0ms (cache hit)
110 http cache etag@https://registry.npmjs.org/etag/-/etag-1.8.1.tgz 0ms (cache hit)
111 http cache escape-html@https://registry.npmjs.org/escape-html/-/escape-html-1.0.3.tgz 0ms (cache hit)
112 http cache es-errors@https://registry.npmjs.org/es-errors/-/es-errors-1.3.0.tgz 0ms (cache hit)
113 http cache es-object-atoms@https://registry.npmjs.org/es-object-atoms/-/es-object-atoms-1.1.1.tgz 0ms (cache hit)
114 http cache ee-first@https://registry.npmjs.org/ee-first/-/ee-first-1.1.1.tgz 0ms (cache hit)
115 http cache es-define-property@https://registry.npmjs.org/es-define-property/-/es-define-property-1.0.1.tgz 0ms (cache hit)
116 http cache dunder-proto@https://registry.npmjs.org/dunder-proto/-/dunder-proto-1.0.1.tgz 0ms (cache hit)
117 http cache encodeurl@https://registry.npmjs.org/encodeurl/-/encodeurl-2.0.0.tgz 0ms (cache hit)
118 http cache depd@https://registry.npmjs.org/depd/-/depd-2.0.0.tgz 0ms (cache hit)
119 http cache ecdsa-sig-formatter@https://registry.npmjs.org/ecdsa-sig-formatter/-/ecdsa-sig-formatter-1.0.11.tgz 0ms (cache hit)
120 http cache dotenv@https://registry.npmjs.org/dotenv/-/dotenv-17.2.2.tgz 0ms (cache hit)
121 http cache debug@https://registry.npmjs.org/debug/-/debug-4.4.1.tgz 0ms (cache hit)
122 http cache cors@https://registry.npmjs.org/cors/-/cors-2.8.5.tgz 0ms (cache hit)
123 http cache cookie-signature@https://registry.npmjs.org/cookie-signature/-/cookie-signature-1.2.2.tgz 0ms (cache hit)
124 http cache content-disposition@https://registry.npmjs.org/content-disposition/-/content-disposition-1.0.0.tgz 0ms (cache hit)
125 http cache cookie@https://registry.npmjs.org/cookie/-/cookie-0.7.2.tgz 0ms (cache hit)
126 http cache content-type@https://registry.npmjs.org/content-type/-/content-type-1.0.5.tgz 0ms (cache hit)
127 http cache concat-map@https://registry.npmjs.org/concat-map/-/concat-map-0.0.1.tgz 0ms (cache hit)
128 http cache call-bound@https://registry.npmjs.org/call-bound/-/call-bound-1.0.4.tgz 1ms (cache hit)
129 http cache call-bind-apply-helpers@https://registry.npmjs.org/call-bind-apply-helpers/-/call-bind-apply-helpers-1.0.2.tgz 0ms (cache hit)
130 http cache bytes@https://registry.npmjs.org/bytes/-/bytes-3.1.2.tgz 0ms (cache hit)
131 http cache chokidar@https://registry.npmjs.org/chokidar/-/chokidar-3.6.0.tgz 0ms (cache hit)
132 http cache buffer-equal-constant-time@https://registry.npmjs.org/buffer-equal-constant-time/-/buffer-equal-constant-time-1.0.1.tgz 0ms (cache hit)
133 http cache body-parser@https://registry.npmjs.org/body-parser/-/body-parser-2.2.0.tgz 0ms (cache hit)
134 http cache binary-extensions@https://registry.npmjs.org/binary-extensions/-/binary-extensions-2.3.0.tgz 0ms (cache hit)
135 http cache bson@https://registry.npmjs.org/bson/-/bson-6.10.4.tgz 0ms (cache hit)
136 http cache brace-expansion@https://registry.npmjs.org/brace-expansion/-/brace-expansion-1.1.12.tgz 0ms (cache hit)
137 http cache balanced-match@https://registry.npmjs.org/balanced-match/-/balanced-match-1.0.2.tgz 0ms (cache hit)
138 http cache bcryptjs@https://registry.npmjs.org/bcryptjs/-/bcryptjs-2.4.3.tgz 0ms (cache hit)
139 http cache anymatch@https://registry.npmjs.org/anymatch/-/anymatch-3.1.3.tgz 0ms (cache hit)
140 http cache accepts@https://registry.npmjs.org/accepts/-/accepts-2.0.0.tgz 0ms (cache hit)
141 http cache iconv-lite@https://registry.npmjs.org/iconv-lite/-/iconv-lite-0.7.0.tgz 0ms (cache hit)
142 http cache @mongodb-js/saslprep@https://registry.npmjs.org/@mongodb-js/saslprep/-/saslprep-1.3.0.tgz 0ms (cache hit)
143 http cache braces@https://registry.npmjs.org/braces/-/braces-3.0.3.tgz 0ms (cache hit)
144 silly tarball no local data for wrappy@https://registry.npmjs.org/wrappy/-/wrappy-1.0.2.tgz. Extracting by manifest.
145 silly tarball no local data for webidl-conversions@https://registry.npmjs.org/webidl-conversions/-/webidl-conversions-7.0.0.tgz. Extracting by manifest.
146 http cache statuses@https://registry.npmjs.org/statuses/-/statuses-2.0.1.tgz 0ms (cache hit)
147 silly tarball no local data for whatwg-url@https://registry.npmjs.org/whatwg-url/-/whatwg-url-14.2.0.tgz. Extracting by manifest.
148 silly tarball no local data for unpipe@https://registry.npmjs.org/unpipe/-/unpipe-1.0.0.tgz. Extracting by manifest.
149 silly tarball no local data for vary@https://registry.npmjs.org/vary/-/vary-1.1.2.tgz. Extracting by manifest.
150 silly tarball no local data for undefsafe@https://registry.npmjs.org/undefsafe/-/undefsafe-2.0.5.tgz. Extracting by manifest.
151 silly tarball no local data for type-is@https://registry.npmjs.org/type-is/-/type-is-2.0.1.tgz. Extracting by manifest.
152 silly tarball no local data for tr46@https://registry.npmjs.org/tr46/-/tr46-5.1.1.tgz. Extracting by manifest.
153 silly tarball no local data for touch@https://registry.npmjs.org/touch/-/touch-3.1.1.tgz. Extracting by manifest.
154 silly tarball no local data for toidentifier@https://registry.npmjs.org/toidentifier/-/toidentifier-1.0.1.tgz. Extracting by manifest.
155 silly tarball no local data for to-regex-range@https://registry.npmjs.org/to-regex-range/-/to-regex-range-5.0.1.tgz. Extracting by manifest.
156 silly tarball no local data for supports-color@https://registry.npmjs.org/supports-color/-/supports-color-5.5.0.tgz. Extracting by manifest.
157 silly tarball no local data for statuses@https://registry.npmjs.org/statuses/-/statuses-2.0.2.tgz. Extracting by manifest.
158 silly tarball no local data for sparse-bitfield@https://registry.npmjs.org/sparse-bitfield/-/sparse-bitfield-3.0.3.tgz. Extracting by manifest.
159 silly tarball no local data for simple-update-notifier@https://registry.npmjs.org/simple-update-notifier/-/simple-update-notifier-2.0.0.tgz. Extracting by manifest.
160 silly tarball no local data for sift@https://registry.npmjs.org/sift/-/sift-17.1.3.tgz. Extracting by manifest.
161 silly tarball no local data for side-channel-weakmap@https://registry.npmjs.org/side-channel-weakmap/-/side-channel-weakmap-1.0.2.tgz. Extracting by manifest.
162 silly tarball no local data for side-channel-map@https://registry.npmjs.org/side-channel-map/-/side-channel-map-1.0.1.tgz. Extracting by manifest.
163 silly tarball no local data for side-channel-list@https://registry.npmjs.org/side-channel-list/-/side-channel-list-1.0.0.tgz. Extracting by manifest.
164 silly tarball no local data for side-channel@https://registry.npmjs.org/side-channel/-/side-channel-1.1.0.tgz. Extracting by manifest.
165 silly tarball no local data for serve-static@https://registry.npmjs.org/serve-static/-/serve-static-2.2.0.tgz. Extracting by manifest.
166 silly tarball no local data for setprototypeof@https://registry.npmjs.org/setprototypeof/-/setprototypeof-1.2.0.tgz. Extracting by manifest.
167 silly tarball no local data for send@https://registry.npmjs.org/send/-/send-1.2.0.tgz. Extracting by manifest.
168 silly tarball no local data for semver@https://registry.npmjs.org/semver/-/semver-7.7.2.tgz. Extracting by manifest.
169 silly tarball no local data for safer-buffer@https://registry.npmjs.org/safer-buffer/-/safer-buffer-2.1.2.tgz. Extracting by manifest.
170 silly tarball no local data for safe-buffer@https://registry.npmjs.org/safe-buffer/-/safe-buffer-5.2.1.tgz. Extracting by manifest.
171 silly tarball no local data for router@https://registry.npmjs.org/router/-/router-2.2.0.tgz. Extracting by manifest.
172 silly tarball no local data for readdirp@https://registry.npmjs.org/readdirp/-/readdirp-3.6.0.tgz. Extracting by manifest.
173 silly tarball no local data for raw-body@https://registry.npmjs.org/raw-body/-/raw-body-3.0.1.tgz. Extracting by manifest.
174 silly tarball no local data for range-parser@https://registry.npmjs.org/range-parser/-/range-parser-1.2.1.tgz. Extracting by manifest.
175 silly tarball no local data for qs@https://registry.npmjs.org/qs/-/qs-6.14.0.tgz. Extracting by manifest.
176 silly tarball no local data for pstree.remy@https://registry.npmjs.org/pstree.remy/-/pstree.remy-1.1.8.tgz. Extracting by manifest.
177 silly tarball no local data for punycode@https://registry.npmjs.org/punycode/-/punycode-2.3.1.tgz. Extracting by manifest.
178 silly tarball no local data for proxy-addr@https://registry.npmjs.org/proxy-addr/-/proxy-addr-2.0.7.tgz. Extracting by manifest.
179 silly tarball no local data for picomatch@https://registry.npmjs.org/picomatch/-/picomatch-2.3.1.tgz. Extracting by manifest.
180 silly tarball no local data for path-to-regexp@https://registry.npmjs.org/path-to-regexp/-/path-to-regexp-8.3.0.tgz. Extracting by manifest.
181 silly tarball no local data for parseurl@https://registry.npmjs.org/parseurl/-/parseurl-1.3.3.tgz. Extracting by manifest.
182 silly tarball no local data for once@https://registry.npmjs.org/once/-/once-1.4.0.tgz. Extracting by manifest.
183 silly tarball no local data for on-finished@https://registry.npmjs.org/on-finished/-/on-finished-2.4.1.tgz. Extracting by manifest.
184 silly tarball no local data for object-assign@https://registry.npmjs.org/object-assign/-/object-assign-4.1.1.tgz. Extracting by manifest.
185 silly tarball no local data for object-inspect@https://registry.npmjs.org/object-inspect/-/object-inspect-1.13.4.tgz. Extracting by manifest.
186 silly tarball no local data for normalize-path@https://registry.npmjs.org/normalize-path/-/normalize-path-3.0.0.tgz. Extracting by manifest.
187 silly tarball no local data for nodemon@https://registry.npmjs.org/nodemon/-/nodemon-3.1.10.tgz. Extracting by manifest.
188 silly tarball no local data for negotiator@https://registry.npmjs.org/negotiator/-/negotiator-1.0.0.tgz. Extracting by manifest.
189 silly tarball no local data for nodemailer@https://registry.npmjs.org/nodemailer/-/nodemailer-7.0.6.tgz. Extracting by manifest.
190 silly tarball no local data for mpath@https://registry.npmjs.org/mpath/-/mpath-0.9.0.tgz. Extracting by manifest.
191 silly tarball no local data for mquery@https://registry.npmjs.org/mquery/-/mquery-5.0.0.tgz. Extracting by manifest.
192 silly tarball no local data for ms@https://registry.npmjs.org/ms/-/ms-2.1.3.tgz. Extracting by manifest.
193 silly tarball no local data for mongodb-connection-string-url@https://registry.npmjs.org/mongodb-connection-string-url/-/mongodb-connection-string-url-3.0.2.tgz. Extracting by manifest.
194 silly tarball no local data for mongoose@https://registry.npmjs.org/mongoose/-/mongoose-8.18.1.tgz. Extracting by manifest.
195 silly tarball no local data for minimatch@https://registry.npmjs.org/minimatch/-/minimatch-3.1.2.tgz. Extracting by manifest.
196 silly tarball no local data for mime-types@https://registry.npmjs.org/mime-types/-/mime-types-3.0.1.tgz. Extracting by manifest.
197 silly tarball no local data for mongodb@https://registry.npmjs.org/mongodb/-/mongodb-6.18.0.tgz. Extracting by manifest.
198 silly tarball no local data for mime-db@https://registry.npmjs.org/mime-db/-/mime-db-1.54.0.tgz. Extracting by manifest.
199 silly tarball no local data for memory-pager@https://registry.npmjs.org/memory-pager/-/memory-pager-1.5.0.tgz. Extracting by manifest.
200 silly tarball no local data for merge-descriptors@https://registry.npmjs.org/merge-descriptors/-/merge-descriptors-2.0.0.tgz. Extracting by manifest.
201 http cache @types/webidl-conversions@https://registry.npmjs.org/@types/webidl-conversions/-/webidl-conversions-7.0.3.tgz 0ms (cache hit)
202 silly tarball no local data for lodash.isstring@https://registry.npmjs.org/lodash.isstring/-/lodash.isstring-4.0.1.tgz. Extracting by manifest.
203 silly tarball no local data for media-typer@https://registry.npmjs.org/media-typer/-/media-typer-1.1.0.tgz. Extracting by manifest.
204 silly tarball no local data for math-intrinsics@https://registry.npmjs.org/math-intrinsics/-/math-intrinsics-1.1.0.tgz. Extracting by manifest.
205 http cache @types/whatwg-url@https://registry.npmjs.org/@types/whatwg-url/-/whatwg-url-11.0.5.tgz 0ms (cache hit)
206 silly tarball no local data for lodash.isplainobject@https://registry.npmjs.org/lodash.isplainobject/-/lodash.isplainobject-4.0.6.tgz. Extracting by manifest.
207 silly tarball no local data for lodash.once@https://registry.npmjs.org/lodash.once/-/lodash.once-4.1.1.tgz. Extracting by manifest.
208 silly tarball no local data for lodash.isnumber@https://registry.npmjs.org/lodash.isnumber/-/lodash.isnumber-3.0.3.tgz. Extracting by manifest.
209 silly tarball no local data for lodash.isinteger@https://registry.npmjs.org/lodash.isinteger/-/lodash.isinteger-4.0.4.tgz. Extracting by manifest.
210 silly tarball no local data for lodash.isboolean@https://registry.npmjs.org/lodash.isboolean/-/lodash.isboolean-3.0.3.tgz. Extracting by manifest.
211 silly tarball no local data for kareem@https://registry.npmjs.org/kareem/-/kareem-2.6.3.tgz. Extracting by manifest.
212 silly tarball no local data for lodash.includes@https://registry.npmjs.org/lodash.includes/-/lodash.includes-4.3.0.tgz. Extracting by manifest.
213 silly tarball no local data for jws@https://registry.npmjs.org/jws/-/jws-3.2.2.tgz. Extracting by manifest.
214 silly tarball no local data for jsonwebtoken@https://registry.npmjs.org/jsonwebtoken/-/jsonwebtoken-9.0.2.tgz. Extracting by manifest.
215 silly tarball no local data for jwa@https://registry.npmjs.org/jwa/-/jwa-1.4.2.tgz. Extracting by manifest.
216 silly tarball no local data for is-glob@https://registry.npmjs.org/is-glob/-/is-glob-4.0.3.tgz. Extracting by manifest.
217 silly tarball no local data for is-promise@https://registry.npmjs.org/is-promise/-/is-promise-4.0.0.tgz. Extracting by manifest.
218 silly tarball no local data for is-number@https://registry.npmjs.org/is-number/-/is-number-7.0.0.tgz. Extracting by manifest.
219 silly tarball no local data for is-extglob@https://registry.npmjs.org/is-extglob/-/is-extglob-2.1.1.tgz. Extracting by manifest.
220 silly tarball no local data for inherits@https://registry.npmjs.org/inherits/-/inherits-2.0.4.tgz. Extracting by manifest.
221 silly tarball no local data for ignore-by-default@https://registry.npmjs.org/ignore-by-default/-/ignore-by-default-1.0.1.tgz. Extracting by manifest.
222 silly tarball no local data for is-binary-path@https://registry.npmjs.org/is-binary-path/-/is-binary-path-2.1.0.tgz. Extracting by manifest.
223 silly tarball no local data for ipaddr.js@https://registry.npmjs.org/ipaddr.js/-/ipaddr.js-1.9.1.tgz. Extracting by manifest.
224 silly tarball no local data for iconv-lite@https://registry.npmjs.org/iconv-lite/-/iconv-lite-0.6.3.tgz. Extracting by manifest.
225 silly tarball no local data for http-errors@https://registry.npmjs.org/http-errors/-/http-errors-2.0.0.tgz. Extracting by manifest.
226 silly tarball no local data for hasown@https://registry.npmjs.org/hasown/-/hasown-2.0.2.tgz. Extracting by manifest.
227 silly tarball no local data for has-symbols@https://registry.npmjs.org/has-symbols/-/has-symbols-1.1.0.tgz. Extracting by manifest.
228 silly tarball no local data for has-flag@https://registry.npmjs.org/has-flag/-/has-flag-3.0.0.tgz. Extracting by manifest.
229 silly tarball no local data for gopd@https://registry.npmjs.org/gopd/-/gopd-1.2.0.tgz. Extracting by manifest.
230 silly tarball no local data for glob-parent@https://registry.npmjs.org/glob-parent/-/glob-parent-5.1.2.tgz. Extracting by manifest.
231 silly tarball no local data for get-proto@https://registry.npmjs.org/get-proto/-/get-proto-1.0.1.tgz. Extracting by manifest.
232 silly tarball no local data for get-intrinsic@https://registry.npmjs.org/get-intrinsic/-/get-intrinsic-1.3.0.tgz. Extracting by manifest.
233 silly tarball no local data for function-bind@https://registry.npmjs.org/function-bind/-/function-bind-1.1.2.tgz. Extracting by manifest.
234 silly tarball no local data for fresh@https://registry.npmjs.org/fresh/-/fresh-2.0.0.tgz. Extracting by manifest.
235 silly tarball no local data for forwarded@https://registry.npmjs.org/forwarded/-/forwarded-0.2.0.tgz. Extracting by manifest.
236 silly tarball no local data for fill-range@https://registry.npmjs.org/fill-range/-/fill-range-7.1.1.tgz. Extracting by manifest.
237 silly tarball no local data for finalhandler@https://registry.npmjs.org/finalhandler/-/finalhandler-2.1.0.tgz. Extracting by manifest.
238 silly tarball no local data for express@https://registry.npmjs.org/express/-/express-5.1.0.tgz. Extracting by manifest.
239 silly tarball no local data for etag@https://registry.npmjs.org/etag/-/etag-1.8.1.tgz. Extracting by manifest.
240 silly tarball no local data for escape-html@https://registry.npmjs.org/escape-html/-/escape-html-1.0.3.tgz. Extracting by manifest.
241 silly tarball no local data for es-errors@https://registry.npmjs.org/es-errors/-/es-errors-1.3.0.tgz. Extracting by manifest.
242 silly tarball no local data for es-object-atoms@https://registry.npmjs.org/es-object-atoms/-/es-object-atoms-1.1.1.tgz. Extracting by manifest.
243 silly tarball no local data for ee-first@https://registry.npmjs.org/ee-first/-/ee-first-1.1.1.tgz. Extracting by manifest.
244 silly tarball no local data for es-define-property@https://registry.npmjs.org/es-define-property/-/es-define-property-1.0.1.tgz. Extracting by manifest.
245 silly tarball no local data for dunder-proto@https://registry.npmjs.org/dunder-proto/-/dunder-proto-1.0.1.tgz. Extracting by manifest.
246 silly tarball no local data for encodeurl@https://registry.npmjs.org/encodeurl/-/encodeurl-2.0.0.tgz. Extracting by manifest.
247 silly tarball no local data for depd@https://registry.npmjs.org/depd/-/depd-2.0.0.tgz. Extracting by manifest.
248 silly tarball no local data for ecdsa-sig-formatter@https://registry.npmjs.org/ecdsa-sig-formatter/-/ecdsa-sig-formatter-1.0.11.tgz. Extracting by manifest.
249 silly tarball no local data for dotenv@https://registry.npmjs.org/dotenv/-/dotenv-17.2.2.tgz. Extracting by manifest.
250 silly tarball no local data for debug@https://registry.npmjs.org/debug/-/debug-4.4.1.tgz. Extracting by manifest.
251 silly tarball no local data for cors@https://registry.npmjs.org/cors/-/cors-2.8.5.tgz. Extracting by manifest.
252 silly tarball no local data for cookie-signature@https://registry.npmjs.org/cookie-signature/-/cookie-signature-1.2.2.tgz. Extracting by manifest.
253 silly tarball no local data for content-disposition@https://registry.npmjs.org/content-disposition/-/content-disposition-1.0.0.tgz. Extracting by manifest.
254 silly tarball no local data for cookie@https://registry.npmjs.org/cookie/-/cookie-0.7.2.tgz. Extracting by manifest.
255 silly tarball no local data for content-type@https://registry.npmjs.org/content-type/-/content-type-1.0.5.tgz. Extracting by manifest.
256 silly tarball no local data for concat-map@https://registry.npmjs.org/concat-map/-/concat-map-0.0.1.tgz. Extracting by manifest.
257 silly tarball no local data for call-bound@https://registry.npmjs.org/call-bound/-/call-bound-1.0.4.tgz. Extracting by manifest.
258 silly tarball no local data for call-bind-apply-helpers@https://registry.npmjs.org/call-bind-apply-helpers/-/call-bind-apply-helpers-1.0.2.tgz. Extracting by manifest.
259 silly tarball no local data for bytes@https://registry.npmjs.org/bytes/-/bytes-3.1.2.tgz. Extracting by manifest.
260 silly tarball no local data for chokidar@https://registry.npmjs.org/chokidar/-/chokidar-3.6.0.tgz. Extracting by manifest.
261 silly tarball no local data for buffer-equal-constant-time@https://registry.npmjs.org/buffer-equal-constant-time/-/buffer-equal-constant-time-1.0.1.tgz. Extracting by manifest.
262 silly tarball no local data for body-parser@https://registry.npmjs.org/body-parser/-/body-parser-2.2.0.tgz. Extracting by manifest.
263 silly tarball no local data for binary-extensions@https://registry.npmjs.org/binary-extensions/-/binary-extensions-2.3.0.tgz. Extracting by manifest.
264 silly tarball no local data for bson@https://registry.npmjs.org/bson/-/bson-6.10.4.tgz. Extracting by manifest.
265 silly tarball no local data for brace-expansion@https://registry.npmjs.org/brace-expansion/-/brace-expansion-1.1.12.tgz. Extracting by manifest.
266 silly tarball no local data for balanced-match@https://registry.npmjs.org/balanced-match/-/balanced-match-1.0.2.tgz. Extracting by manifest.
267 silly tarball no local data for bcryptjs@https://registry.npmjs.org/bcryptjs/-/bcryptjs-2.4.3.tgz. Extracting by manifest.
268 silly tarball no local data for anymatch@https://registry.npmjs.org/anymatch/-/anymatch-3.1.3.tgz. Extracting by manifest.
269 silly tarball no local data for accepts@https://registry.npmjs.org/accepts/-/accepts-2.0.0.tgz. Extracting by manifest.
270 silly tarball no local data for iconv-lite@https://registry.npmjs.org/iconv-lite/-/iconv-lite-0.7.0.tgz. Extracting by manifest.
271 silly tarball no local data for @mongodb-js/saslprep@https://registry.npmjs.org/@mongodb-js/saslprep/-/saslprep-1.3.0.tgz. Extracting by manifest.
272 silly tarball no local data for braces@https://registry.npmjs.org/braces/-/braces-3.0.3.tgz. Extracting by manifest.
273 silly tarball no local data for statuses@https://registry.npmjs.org/statuses/-/statuses-2.0.1.tgz. Extracting by manifest.
274 silly tarball no local data for @types/webidl-conversions@https://registry.npmjs.org/@types/webidl-conversions/-/webidl-conversions-7.0.3.tgz. Extracting by manifest.
275 silly tarball no local data for @types/whatwg-url@https://registry.npmjs.org/@types/whatwg-url/-/whatwg-url-11.0.5.tgz. Extracting by manifest.
276 http fetch GET 200 https://registry.npmjs.org/unpipe/-/unpipe-1.0.0.tgz 875ms (cache miss)
277 http fetch GET 200 https://registry.npmjs.org/webidl-conversions/-/webidl-conversions-7.0.0.tgz 890ms (cache miss)
278 http fetch GET 200 https://registry.npmjs.org/type-is/-/type-is-2.0.1.tgz 969ms (cache miss)
279 http fetch GET 200 https://registry.npmjs.org/touch/-/touch-3.1.1.tgz 984ms (cache miss)
280 http fetch GET 200 https://registry.npmjs.org/vary/-/vary-1.1.2.tgz 1008ms (cache miss)
281 http fetch GET 200 https://registry.npmjs.org/toidentifier/-/toidentifier-1.0.1.tgz 1022ms (cache miss)
282 http fetch GET 200 https://registry.npmjs.org/npm 1524ms
283 http fetch GET 200 https://registry.npmjs.org/wrappy/-/wrappy-1.0.2.tgz 1145ms (cache miss)
284 http fetch GET 200 https://registry.npmjs.org/supports-color/-/supports-color-5.5.0.tgz 1151ms (cache miss)
285 http fetch POST 200 https://registry.npmjs.org/-/npm/v1/security/advisories/bulk 1289ms
286 silly audit report {}
287 http fetch GET 200 https://registry.npmjs.org/undefsafe/-/undefsafe-2.0.5.tgz 1180ms (cache miss)
288 http fetch GET 200 https://registry.npmjs.org/statuses/-/statuses-2.0.2.tgz 1172ms (cache miss)
289 http fetch GET 200 https://registry.npmjs.org/sparse-bitfield/-/sparse-bitfield-3.0.3.tgz 1186ms (cache miss)
290 http fetch GET 200 https://registry.npmjs.org/to-regex-range/-/to-regex-range-5.0.1.tgz 1223ms (cache miss)
291 http fetch GET 200 https://registry.npmjs.org/setprototypeof/-/setprototypeof-1.2.0.tgz 1261ms (cache miss)
292 http fetch GET 200 https://registry.npmjs.org/range-parser/-/range-parser-1.2.1.tgz 1254ms (cache miss)
293 http fetch GET 200 https://registry.npmjs.org/serve-static/-/serve-static-2.2.0.tgz 1305ms (cache miss)
294 http fetch GET 200 https://registry.npmjs.org/tr46/-/tr46-5.1.1.tgz 1357ms (cache miss)
295 http fetch GET 200 https://registry.npmjs.org/proxy-addr/-/proxy-addr-2.0.7.tgz 1323ms (cache miss)
296 http fetch GET 200 https://registry.npmjs.org/readdirp/-/readdirp-3.6.0.tgz 1342ms (cache miss)
297 http fetch GET 200 https://registry.npmjs.org/punycode/-/punycode-2.3.1.tgz 1352ms (cache miss)
298 http fetch GET 200 https://registry.npmjs.org/safe-buffer/-/safe-buffer-5.2.1.tgz 1387ms (cache miss)
299 http fetch GET 200 https://registry.npmjs.org/raw-body/-/raw-body-3.0.1.tgz 1379ms (cache miss)
300 http fetch GET 200 https://registry.npmjs.org/whatwg-url/-/whatwg-url-14.2.0.tgz 1430ms (cache miss)
301 http fetch GET 200 https://registry.npmjs.org/path-to-regexp/-/path-to-regexp-8.3.0.tgz 1383ms (cache miss)
302 http fetch GET 200 https://registry.npmjs.org/side-channel-weakmap/-/side-channel-weakmap-1.0.2.tgz 1413ms (cache miss)
303 http fetch GET 200 https://registry.npmjs.org/send/-/send-1.2.0.tgz 1409ms (cache miss)
304 http fetch GET 200 https://registry.npmjs.org/side-channel-map/-/side-channel-map-1.0.1.tgz 1419ms (cache miss)
305 http fetch GET 200 https://registry.npmjs.org/object-assign/-/object-assign-4.1.1.tgz 1406ms (cache miss)
306 http fetch GET 200 https://registry.npmjs.org/parseurl/-/parseurl-1.3.3.tgz 1413ms (cache miss)
307 http fetch GET 200 https://registry.npmjs.org/normalize-path/-/normalize-path-3.0.0.tgz 1425ms (cache miss)
308 http fetch GET 200 https://registry.npmjs.org/side-channel/-/side-channel-1.1.0.tgz 1457ms (cache miss)
309 http fetch GET 200 https://registry.npmjs.org/once/-/once-1.4.0.tgz 1432ms (cache miss)
310 http fetch GET 200 https://registry.npmjs.org/safer-buffer/-/safer-buffer-2.1.2.tgz 1455ms (cache miss)
311 http fetch GET 200 https://registry.npmjs.org/router/-/router-2.2.0.tgz 1452ms (cache miss)
312 http fetch GET 200 https://registry.npmjs.org/on-finished/-/on-finished-2.4.1.tgz 1441ms (cache miss)
313 http fetch GET 200 https://registry.npmjs.org/simple-update-notifier/-/simple-update-notifier-2.0.0.tgz 1479ms (cache miss)
314 http fetch GET 200 https://registry.npmjs.org/side-channel-list/-/side-channel-list-1.0.0.tgz 1476ms (cache miss)
315 http fetch GET 200 https://registry.npmjs.org/ms/-/ms-2.1.3.tgz 1468ms (cache miss)
316 http fetch GET 200 https://registry.npmjs.org/pstree.remy/-/pstree.remy-1.1.8.tgz 1506ms (cache miss)
317 http fetch GET 200 https://registry.npmjs.org/minimatch/-/minimatch-3.1.2.tgz 1488ms (cache miss)
318 http fetch GET 200 https://registry.npmjs.org/mime-types/-/mime-types-3.0.1.tgz 1528ms (cache miss)
319 http fetch GET 200 https://registry.npmjs.org/memory-pager/-/memory-pager-1.5.0.tgz 1569ms (cache miss)
320 http fetch GET 200 https://registry.npmjs.org/negotiator/-/negotiator-1.0.0.tgz 1580ms (cache miss)
321 http fetch GET 200 https://registry.npmjs.org/media-typer/-/media-typer-1.1.0.tgz 1570ms (cache miss)
322 http fetch GET 200 https://registry.npmjs.org/merge-descriptors/-/merge-descriptors-2.0.0.tgz 1576ms (cache miss)
323 http fetch GET 200 https://registry.npmjs.org/mongodb-connection-string-url/-/mongodb-connection-string-url-3.0.2.tgz 1585ms (cache miss)
324 http fetch GET 200 https://registry.npmjs.org/lodash.isstring/-/lodash.isstring-4.0.1.tgz 1578ms (cache miss)
325 http fetch GET 200 https://registry.npmjs.org/lodash.once/-/lodash.once-4.1.1.tgz 1609ms (cache miss)
326 http fetch GET 200 https://registry.npmjs.org/lodash.isplainobject/-/lodash.isplainobject-4.0.6.tgz 1614ms (cache miss)
327 http fetch GET 200 https://registry.npmjs.org/lodash.isinteger/-/lodash.isinteger-4.0.4.tgz 1615ms (cache miss)
328 http fetch GET 200 https://registry.npmjs.org/picomatch/-/picomatch-2.3.1.tgz 1647ms (cache miss)
329 http fetch GET 200 https://registry.npmjs.org/lodash.isnumber/-/lodash.isnumber-3.0.3.tgz 1625ms (cache miss)
330 http fetch GET 200 https://registry.npmjs.org/lodash.isboolean/-/lodash.isboolean-3.0.3.tgz 1625ms (cache miss)
331 http fetch GET 200 https://registry.npmjs.org/mpath/-/mpath-0.9.0.tgz 1654ms (cache miss)
332 http fetch GET 200 https://registry.npmjs.org/jwa/-/jwa-1.4.2.tgz 1688ms (cache miss)
333 http fetch GET 200 https://registry.npmjs.org/mime-db/-/mime-db-1.54.0.tgz 1725ms (cache miss)
334 http fetch GET 200 https://registry.npmjs.org/lodash.includes/-/lodash.includes-4.3.0.tgz 1714ms (cache miss)
335 http fetch GET 200 https://registry.npmjs.org/kareem/-/kareem-2.6.3.tgz 1717ms (cache miss)
336 http fetch GET 200 https://registry.npmjs.org/is-extglob/-/is-extglob-2.1.1.tgz 1715ms (cache miss)
337 http fetch GET 200 https://registry.npmjs.org/qs/-/qs-6.14.0.tgz 1763ms (cache miss)
338 http fetch GET 200 https://registry.npmjs.org/is-glob/-/is-glob-4.0.3.tgz 1740ms (cache miss)
339 http fetch GET 200 https://registry.npmjs.org/jws/-/jws-3.2.2.tgz 1747ms (cache miss)
340 http fetch GET 200 https://registry.npmjs.org/is-number/-/is-number-7.0.0.tgz 1743ms (cache miss)
341 http fetch GET 200 https://registry.npmjs.org/sift/-/sift-17.1.3.tgz 1834ms (cache miss)
342 http fetch GET 200 https://registry.npmjs.org/is-promise/-/is-promise-4.0.0.tgz 1769ms (cache miss)
343 http fetch GET 200 https://registry.npmjs.org/mquery/-/mquery-5.0.0.tgz 1809ms (cache miss)
344 http fetch GET 200 https://registry.npmjs.org/ipaddr.js/-/ipaddr.js-1.9.1.tgz 1801ms (cache miss)
345 http fetch GET 200 https://registry.npmjs.org/is-binary-path/-/is-binary-path-2.1.0.tgz 1812ms (cache miss)
346 http fetch GET 200 https://registry.npmjs.org/ignore-by-default/-/ignore-by-default-1.0.1.tgz 1814ms (cache miss)
347 http fetch GET 200 https://registry.npmjs.org/inherits/-/inherits-2.0.4.tgz 1824ms (cache miss)
348 http fetch GET 200 https://registry.npmjs.org/jsonwebtoken/-/jsonwebtoken-9.0.2.tgz 1859ms (cache miss)
349 http fetch GET 200 https://registry.npmjs.org/has-flag/-/has-flag-3.0.0.tgz 1853ms (cache miss)
350 http fetch GET 200 https://registry.npmjs.org/http-errors/-/http-errors-2.0.0.tgz 1868ms (cache miss)
351 http fetch GET 200 https://registry.npmjs.org/hasown/-/hasown-2.0.2.tgz 1877ms (cache miss)
352 http fetch GET 200 https://registry.npmjs.org/glob-parent/-/glob-parent-5.1.2.tgz 1874ms (cache miss)
353 http fetch GET 200 https://registry.npmjs.org/function-bind/-/function-bind-1.1.2.tgz 1931ms (cache miss)
354 http fetch GET 200 https://registry.npmjs.org/gopd/-/gopd-1.2.0.tgz 1941ms (cache miss)
355 http fetch GET 200 https://registry.npmjs.org/object-inspect/-/object-inspect-1.13.4.tgz 2000ms (cache miss)
356 http fetch GET 200 https://registry.npmjs.org/fill-range/-/fill-range-7.1.1.tgz 1982ms (cache miss)
357 http fetch GET 200 https://registry.npmjs.org/fresh/-/fresh-2.0.0.tgz 1986ms (cache miss)
358 http fetch GET 200 https://registry.npmjs.org/finalhandler/-/finalhandler-2.1.0.tgz 1989ms (cache miss)
359 http fetch GET 200 https://registry.npmjs.org/forwarded/-/forwarded-0.2.0.tgz 1999ms (cache miss)
360 http fetch GET 200 https://registry.npmjs.org/get-intrinsic/-/get-intrinsic-1.3.0.tgz 2012ms (cache miss)
361 http fetch GET 200 https://registry.npmjs.org/math-intrinsics/-/math-intrinsics-1.1.0.tgz 2051ms (cache miss)
362 http fetch GET 200 https://registry.npmjs.org/has-symbols/-/has-symbols-1.1.0.tgz 2062ms (cache miss)
363 http fetch GET 200 https://registry.npmjs.org/get-proto/-/get-proto-1.0.1.tgz 2060ms (cache miss)
364 http fetch GET 200 https://registry.npmjs.org/etag/-/etag-1.8.1.tgz 2070ms (cache miss)
365 http fetch GET 200 https://registry.npmjs.org/escape-html/-/escape-html-1.0.3.tgz 2078ms (cache miss)
366 http fetch GET 200 https://registry.npmjs.org/ee-first/-/ee-first-1.1.1.tgz 2077ms (cache miss)
367 http fetch GET 200 https://registry.npmjs.org/semver/-/semver-7.7.2.tgz 2173ms (cache miss)
368 http fetch GET 200 https://registry.npmjs.org/depd/-/depd-2.0.0.tgz 2102ms (cache miss)
369 http fetch GET 200 https://registry.npmjs.org/encodeurl/-/encodeurl-2.0.0.tgz 2111ms (cache miss)
370 http fetch GET 200 https://registry.npmjs.org/nodemon/-/nodemon-3.1.10.tgz 2220ms (cache miss)
371 http fetch GET 200 https://registry.npmjs.org/debug/-/debug-4.4.1.tgz 2174ms (cache miss)
372 http fetch GET 200 https://registry.npmjs.org/content-disposition/-/content-disposition-1.0.0.tgz 2173ms (cache miss)
373 http fetch GET 200 https://registry.npmjs.org/cookie-signature/-/cookie-signature-1.2.2.tgz 2203ms (cache miss)
374 http fetch GET 200 https://registry.npmjs.org/cors/-/cors-2.8.5.tgz 2205ms (cache miss)
375 http fetch GET 200 https://registry.npmjs.org/cookie/-/cookie-0.7.2.tgz 2207ms (cache miss)
376 http fetch GET 200 https://registry.npmjs.org/es-define-property/-/es-define-property-1.0.1.tgz 2225ms (cache miss)
377 http fetch GET 200 https://registry.npmjs.org/ecdsa-sig-formatter/-/ecdsa-sig-formatter-1.0.11.tgz 2227ms (cache miss)
378 http fetch GET 200 https://registry.npmjs.org/content-type/-/content-type-1.0.5.tgz 2261ms (cache miss)
379 http fetch GET 200 https://registry.npmjs.org/call-bound/-/call-bound-1.0.4.tgz 2261ms (cache miss)
380 http fetch GET 200 https://registry.npmjs.org/express/-/express-5.1.0.tgz 2304ms (cache miss)
381 http fetch GET 200 https://registry.npmjs.org/body-parser/-/body-parser-2.2.0.tgz 2284ms (cache miss)
382 http fetch GET 200 https://registry.npmjs.org/buffer-equal-constant-time/-/buffer-equal-constant-time-1.0.1.tgz 2295ms (cache miss)
383 http fetch GET 200 https://registry.npmjs.org/concat-map/-/concat-map-0.0.1.tgz 2309ms (cache miss)
384 http fetch GET 200 https://registry.npmjs.org/binary-extensions/-/binary-extensions-2.3.0.tgz 2308ms (cache miss)
385 http fetch GET 200 https://registry.npmjs.org/es-object-atoms/-/es-object-atoms-1.1.1.tgz 2329ms (cache miss)
386 http fetch GET 200 https://registry.npmjs.org/bytes/-/bytes-3.1.2.tgz 2314ms (cache miss)
387 http fetch GET 200 https://registry.npmjs.org/balanced-match/-/balanced-match-1.0.2.tgz 2325ms (cache miss)
388 http fetch GET 200 https://registry.npmjs.org/brace-expansion/-/brace-expansion-1.1.12.tgz 2331ms (cache miss)
389 http fetch GET 200 https://registry.npmjs.org/dunder-proto/-/dunder-proto-1.0.1.tgz 2354ms (cache miss)
390 http fetch GET 200 https://registry.npmjs.org/anymatch/-/anymatch-3.1.3.tgz 2334ms (cache miss)
391 http fetch GET 200 https://registry.npmjs.org/dotenv/-/dotenv-17.2.2.tgz 2364ms (cache miss)
392 http fetch GET 200 https://registry.npmjs.org/accepts/-/accepts-2.0.0.tgz 2357ms (cache miss)
393 http fetch GET 200 https://registry.npmjs.org/statuses/-/statuses-2.0.1.tgz 2356ms (cache miss)
394 http fetch GET 200 https://registry.npmjs.org/braces/-/braces-3.0.3.tgz 2367ms (cache miss)
395 http fetch GET 200 https://registry.npmjs.org/es-errors/-/es-errors-1.3.0.tgz 2413ms (cache miss)
396 http fetch GET 200 https://registry.npmjs.org/chokidar/-/chokidar-3.6.0.tgz 2400ms (cache miss)
397 http fetch GET 200 https://registry.npmjs.org/iconv-lite/-/iconv-lite-0.6.3.tgz 2447ms (cache miss)
398 http fetch GET 200 https://registry.npmjs.org/nodemailer/-/nodemailer-7.0.6.tgz 2526ms (cache miss)
399 http fetch GET 200 https://registry.npmjs.org/call-bind-apply-helpers/-/call-bind-apply-helpers-1.0.2.tgz 2468ms (cache miss)
400 http fetch GET 200 https://registry.npmjs.org/@types/whatwg-url/-/whatwg-url-11.0.5.tgz 2386ms (cache miss)
401 http fetch GET 200 https://registry.npmjs.org/@types/webidl-conversions/-/webidl-conversions-7.0.3.tgz 2391ms (cache miss)
402 http fetch GET 200 https://registry.npmjs.org/bcryptjs/-/bcryptjs-2.4.3.tgz 2524ms (cache miss)
403 http fetch GET 200 https://registry.npmjs.org/iconv-lite/-/iconv-lite-0.7.0.tgz 2559ms (cache miss)
404 http fetch GET 200 https://registry.npmjs.org/@mongodb-js/saslprep/-/saslprep-1.3.0.tgz 2576ms (cache miss)
405 http fetch GET 200 https://registry.npmjs.org/bson/-/bson-6.10.4.tgz 2816ms (cache miss)
406 http fetch GET 200 https://registry.npmjs.org/mongoose/-/mongoose-8.18.1.tgz 3277ms (cache miss)
407 http fetch GET 200 https://registry.npmjs.org/mongodb/-/mongodb-6.18.0.tgz 3865ms (cache miss)
408 silly ADD node_modules/wrappy
409 silly ADD node_modules/whatwg-url
410 silly ADD node_modules/webidl-conversions
411 silly ADD node_modules/vary
412 silly ADD node_modules/unpipe
413 silly ADD node_modules/undefsafe
414 silly ADD node_modules/type-is
415 silly ADD node_modules/tr46
416 silly ADD node_modules/touch
417 silly ADD node_modules/toidentifier
418 silly ADD node_modules/to-regex-range
419 silly ADD node_modules/supports-color
420 silly ADD node_modules/statuses
421 silly ADD node_modules/sparse-bitfield
422 silly ADD node_modules/simple-update-notifier
423 silly ADD node_modules/sift
424 silly ADD node_modules/side-channel-weakmap
425 silly ADD node_modules/side-channel-map
426 silly ADD node_modules/side-channel-list
427 silly ADD node_modules/side-channel
428 silly ADD node_modules/setprototypeof
429 silly ADD node_modules/serve-static
430 silly ADD node_modules/send
431 silly ADD node_modules/semver
432 silly ADD node_modules/safer-buffer
433 silly ADD node_modules/safe-buffer
434 silly ADD node_modules/router
435 silly ADD node_modules/readdirp
436 silly ADD node_modules/raw-body
437 silly ADD node_modules/raw-body/node_modules/iconv-lite
438 silly ADD node_modules/range-parser
439 silly ADD node_modules/qs
440 silly ADD node_modules/punycode
441 silly ADD node_modules/pstree.remy
442 silly ADD node_modules/proxy-addr
443 silly ADD node_modules/picomatch
444 silly ADD node_modules/path-to-regexp
445 silly ADD node_modules/parseurl
446 silly ADD node_modules/once
447 silly ADD node_modules/on-finished
448 silly ADD node_modules/object-inspect
449 silly ADD node_modules/object-assign
450 silly ADD node_modules/normalize-path
451 silly ADD node_modules/nodemon
452 silly ADD node_modules/nodemailer
453 silly ADD node_modules/negotiator
454 silly ADD node_modules/ms
455 silly ADD node_modules/mquery
456 silly ADD node_modules/mpath
457 silly ADD node_modules/mongoose
458 silly ADD node_modules/mongodb-connection-string-url
459 silly ADD node_modules/mongodb
460 silly ADD node_modules/minimatch
461 silly ADD node_modules/mime-types
462 silly ADD node_modules/mime-db
463 silly ADD node_modules/merge-descriptors
464 silly ADD node_modules/memory-pager
465 silly ADD node_modules/media-typer
466 silly ADD node_modules/math-intrinsics
467 silly ADD node_modules/lodash.once
468 silly ADD node_modules/lodash.isstring
469 silly ADD node_modules/lodash.isplainobject
470 silly ADD node_modules/lodash.isnumber
471 silly ADD node_modules/lodash.isinteger
472 silly ADD node_modules/lodash.isboolean
473 silly ADD node_modules/lodash.includes
474 silly ADD node_modules/kareem
475 silly ADD node_modules/jws
476 silly ADD node_modules/jwa
477 silly ADD node_modules/jsonwebtoken
478 silly ADD node_modules/is-promise
479 silly ADD node_modules/is-number
480 silly ADD node_modules/is-glob
481 silly ADD node_modules/is-extglob
482 silly ADD node_modules/is-binary-path
483 silly ADD node_modules/ipaddr.js
484 silly ADD node_modules/inherits
485 silly ADD node_modules/ignore-by-default
486 silly ADD node_modules/iconv-lite
487 silly ADD node_modules/http-errors
488 silly ADD node_modules/http-errors/node_modules/statuses
489 silly ADD node_modules/hasown
490 silly ADD node_modules/has-symbols
491 silly ADD node_modules/has-flag
492 silly ADD node_modules/gopd
493 silly ADD node_modules/glob-parent
494 silly ADD node_modules/get-proto
495 silly ADD node_modules/get-intrinsic
496 silly ADD node_modules/function-bind
497 silly ADD node_modules/fsevents
498 silly ADD node_modules/fresh
499 silly ADD node_modules/forwarded
500 silly ADD node_modules/finalhandler
501 silly ADD node_modules/fill-range
502 silly ADD node_modules/express
503 silly ADD node_modules/etag
504 silly ADD node_modules/escape-html
505 silly ADD node_modules/es-object-atoms
506 silly ADD node_modules/es-errors
507 silly ADD node_modules/es-define-property
508 silly ADD node_modules/encodeurl
509 silly ADD node_modules/ee-first
510 silly ADD node_modules/ecdsa-sig-formatter
511 silly ADD node_modules/dunder-proto
512 silly ADD node_modules/dotenv
513 silly ADD node_modules/depd
514 silly ADD node_modules/debug
515 silly ADD node_modules/cors
516 silly ADD node_modules/cookie-signature
517 silly ADD node_modules/cookie
518 silly ADD node_modules/content-type
519 silly ADD node_modules/content-disposition
520 silly ADD node_modules/concat-map
521 silly ADD node_modules/chokidar
522 silly ADD node_modules/call-bound
523 silly ADD node_modules/call-bind-apply-helpers
524 silly ADD node_modules/bytes
525 silly ADD node_modules/buffer-equal-constant-time
526 silly ADD node_modules/bson
527 silly ADD node_modules/braces
528 silly ADD node_modules/brace-expansion
529 silly ADD node_modules/body-parser
530 silly ADD node_modules/binary-extensions
531 silly ADD node_modules/bcryptjs
532 silly ADD node_modules/balanced-match
533 silly ADD node_modules/anymatch
534 silly ADD node_modules/accepts
535 silly ADD node_modules/@types/whatwg-url
536 silly ADD node_modules/@types/webidl-conversions
537 silly ADD node_modules/@mongodb-js/saslprep
538 verbose cwd C:\Users\AM\Desktop\Orkideh Sewing Machine\sewing-store\backend
539 verbose os Windows_NT 10.0.26100
540 verbose node v22.19.0
541 verbose npm  v11.5.2
542 notice
542 notice New [33mminor[39m version of npm available! [33m11.5.2[39m -> [34m11.6.0[39m
542 notice Changelog: [34mhttps://github.com/npm/cli/releases/tag/v11.6.0[39m
542 notice To update run: [4mnpm install -g npm@11.6.0[24m
542 notice  { force: true, [Symbol(proc-log.meta)]: true }
543 verbose exit 0
544 info ok
