0 verbose cli C:\Program Files\nodejs\node.exe C:\Users\AM\AppData\Roaming\npm\node_modules\npm\bin\npm-cli.js
1 info using npm@11.5.2
2 info using node@v22.17.1
3 silly config load:file:C:\Users\AM\AppData\Roaming\npm\node_modules\npm\npmrc
4 silly config load:file:C:\Users\AM\Desktop\Orkideh Sewing Machine\sewing-store\.npmrc
5 silly config load:file:C:\Users\AM\.npmrc
6 silly config load:file:C:\Users\AM\AppData\Roaming\npm\etc\npmrc
7 verbose title npm exec serve -s build
8 verbose argv "exec" "--" "serve" "-s" "build"
9 verbose logfile logs-max:10 dir:c:\Users\AM\Desktop\Orkideh Sewing Machine\sewing-store\UsersAMAppDataLocalnpm-cache\_logs\2025-08-30T18_36_10_747Z-
10 verbose logfile c:\Users\AM\Desktop\Orkideh Sewing Machine\sewing-store\UsersAMAppDataLocalnpm-cache\_logs\2025-08-30T18_36_10_747Z-debug-0.log
11 silly logfile done cleaning log files
12 silly packumentCache heap:4345298944 maxSize:1086324736 maxEntrySize:543162368
13 http fetch GET 200 https://registry.npmjs.org/serve 935ms (cache miss)
14 silly packumentCache heap:4345298944 maxSize:1086324736 maxEntrySize:543162368
15 silly packumentCache heap:4345298944 maxSize:1086324736 maxEntrySize:543162368
16 silly idealTree buildDeps
17 silly fetch manifest serve@14.2.4
18 silly packumentCache full:https://registry.npmjs.org/serve cache-miss
19 http fetch GET 200 https://registry.npmjs.org/serve 510ms (cache miss)
20 silly packumentCache full:https://registry.npmjs.org/serve set size:undefined disposed:false
21 silly placeDep ROOT serve@14.2.4 OK for:  want: 14.2.4
22 silly fetch manifest ajv@8.12.0
23 silly packumentCache full:https://registry.npmjs.org/ajv cache-miss
24 silly fetch manifest arg@5.0.2
25 silly packumentCache full:https://registry.npmjs.org/arg cache-miss
26 silly fetch manifest boxen@7.0.0
27 silly packumentCache full:https://registry.npmjs.org/boxen cache-miss
28 silly fetch manifest chalk@5.0.1
29 silly packumentCache full:https://registry.npmjs.org/chalk cache-miss
30 silly fetch manifest clipboardy@3.0.0
31 silly packumentCache full:https://registry.npmjs.org/clipboardy cache-miss
32 silly fetch manifest compression@1.7.4
33 silly packumentCache full:https://registry.npmjs.org/compression cache-miss
34 silly fetch manifest update-check@1.5.4
35 silly packumentCache full:https://registry.npmjs.org/update-check cache-miss
36 silly fetch manifest @zeit/schemas@2.36.0
37 silly packumentCache full:https://registry.npmjs.org/@zeit%2fschemas cache-miss
38 silly fetch manifest serve-handler@6.1.6
39 silly packumentCache full:https://registry.npmjs.org/serve-handler cache-miss
40 silly fetch manifest chalk-template@0.4.0
41 silly packumentCache full:https://registry.npmjs.org/chalk-template cache-miss
42 silly fetch manifest is-port-reachable@4.0.0
43 silly packumentCache full:https://registry.npmjs.org/is-port-reachable cache-miss
44 http fetch GET 200 https://registry.npmjs.org/clipboardy 565ms (cache miss)
45 silly packumentCache full:https://registry.npmjs.org/clipboardy set size:undefined disposed:false
46 http fetch GET 200 https://registry.npmjs.org/chalk-template 587ms (cache miss)
47 silly packumentCache full:https://registry.npmjs.org/chalk-template set size:undefined disposed:false
48 http fetch GET 200 https://registry.npmjs.org/compression 593ms (cache miss)
49 silly packumentCache full:https://registry.npmjs.org/compression set size:undefined disposed:false
50 http fetch GET 200 https://registry.npmjs.org/boxen 616ms (cache miss)
51 silly packumentCache full:https://registry.npmjs.org/boxen set size:undefined disposed:false
52 http fetch GET 200 https://registry.npmjs.org/update-check 619ms (cache miss)
53 silly packumentCache full:https://registry.npmjs.org/update-check set size:undefined disposed:false
54 http fetch GET 200 https://registry.npmjs.org/chalk 637ms (cache miss)
55 silly packumentCache full:https://registry.npmjs.org/chalk set size:undefined disposed:false
56 http fetch GET 200 https://registry.npmjs.org/@zeit%2fschemas 671ms (cache miss)
57 silly packumentCache full:https://registry.npmjs.org/@zeit%2fschemas set size:undefined disposed:false
58 http fetch GET 200 https://registry.npmjs.org/serve-handler 742ms (cache miss)
59 silly packumentCache full:https://registry.npmjs.org/serve-handler set size:undefined disposed:false
60 http fetch GET 200 https://registry.npmjs.org/ajv 912ms (cache miss)
61 silly packumentCache full:https://registry.npmjs.org/ajv set size:undefined disposed:false
62 http fetch GET 200 https://registry.npmjs.org/is-port-reachable 945ms (cache miss)
63 silly packumentCache full:https://registry.npmjs.org/is-port-reachable set size:undefined disposed:false
64 http fetch GET 200 https://registry.npmjs.org/arg 1339ms (cache miss)
65 silly packumentCache full:https://registry.npmjs.org/arg set size:undefined disposed:false
66 silly placeDep ROOT @zeit/schemas@2.36.0 OK for: serve@14.2.4 want: 2.36.0
67 silly placeDep ROOT ajv@8.12.0 OK for: serve@14.2.4 want: 8.12.0
68 silly placeDep ROOT arg@5.0.2 OK for: serve@14.2.4 want: 5.0.2
69 silly placeDep ROOT boxen@7.0.0 OK for: serve@14.2.4 want: 7.0.0
70 silly placeDep ROOT chalk@5.0.1 OK for: serve@14.2.4 want: 5.0.1
71 silly placeDep ROOT chalk-template@0.4.0 OK for: serve@14.2.4 want: 0.4.0
72 silly placeDep ROOT clipboardy@3.0.0 OK for: serve@14.2.4 want: 3.0.0
73 silly placeDep ROOT compression@1.7.4 OK for: serve@14.2.4 want: 1.7.4
74 silly placeDep ROOT is-port-reachable@4.0.0 OK for: serve@14.2.4 want: 4.0.0
75 silly placeDep ROOT serve-handler@6.1.6 OK for: serve@14.2.4 want: 6.1.6
76 silly placeDep ROOT update-check@1.5.4 OK for: serve@14.2.4 want: 1.5.4
77 silly fetch manifest uri-js@^4.2.2
78 silly packumentCache full:https://registry.npmjs.org/uri-js cache-miss
79 silly fetch manifest fast-deep-equal@^3.1.1
80 silly packumentCache full:https://registry.npmjs.org/fast-deep-equal cache-miss
81 silly fetch manifest require-from-string@^2.0.2
82 silly packumentCache full:https://registry.npmjs.org/require-from-string cache-miss
83 silly fetch manifest json-schema-traverse@^1.0.0
84 silly packumentCache full:https://registry.npmjs.org/json-schema-traverse cache-miss
85 silly fetch manifest chalk@^5.0.1
86 silly packumentCache full:https://registry.npmjs.org/chalk cache-miss
87 silly fetch manifest camelcase@^7.0.0
88 silly packumentCache full:https://registry.npmjs.org/camelcase cache-miss
89 silly fetch manifest cli-boxes@^3.0.0
90 silly packumentCache full:https://registry.npmjs.org/cli-boxes cache-miss
91 silly fetch manifest type-fest@^2.13.0
92 silly packumentCache full:https://registry.npmjs.org/type-fest cache-miss
93 silly fetch manifest wrap-ansi@^8.0.1
94 silly packumentCache full:https://registry.npmjs.org/wrap-ansi cache-miss
95 silly fetch manifest ansi-align@^3.0.1
96 silly packumentCache full:https://registry.npmjs.org/ansi-align cache-miss
97 silly fetch manifest widest-line@^4.0.1
98 silly packumentCache full:https://registry.npmjs.org/widest-line cache-miss
99 silly fetch manifest string-width@^5.1.2
100 silly packumentCache full:https://registry.npmjs.org/string-width cache-miss
101 silly fetch manifest chalk@^4.1.2
102 silly packumentCache full:https://registry.npmjs.org/chalk cache-miss
103 silly fetch manifest arch@^2.2.0
104 silly packumentCache full:https://registry.npmjs.org/arch cache-miss
105 silly fetch manifest execa@^5.1.1
106 silly packumentCache full:https://registry.npmjs.org/execa cache-miss
107 http cache https://registry.npmjs.org/chalk 44ms (cache hit)
108 silly packumentCache full:https://registry.npmjs.org/chalk set size:127489 disposed:false
109 silly fetch manifest is-wsl@^2.2.0
110 silly packumentCache full:https://registry.npmjs.org/is-wsl cache-miss
111 http cache https://registry.npmjs.org/chalk 51ms (cache hit)
112 silly packumentCache full:https://registry.npmjs.org/chalk set size:127489 disposed:false
113 silly packumentCache full:https://registry.npmjs.org/chalk dispose
114 silly fetch manifest vary@~1.1.2
115 silly packumentCache full:https://registry.npmjs.org/vary cache-miss
116 http fetch GET 200 https://registry.npmjs.org/require-from-string 184ms (cache miss)
117 silly packumentCache full:https://registry.npmjs.org/require-from-string set size:undefined disposed:false
118 silly fetch manifest bytes@3.0.0
119 silly packumentCache full:https://registry.npmjs.org/bytes cache-miss
120 http fetch GET 200 https://registry.npmjs.org/uri-js 188ms (cache miss)
121 silly packumentCache full:https://registry.npmjs.org/uri-js set size:undefined disposed:false
122 silly fetch manifest debug@2.6.9
123 silly packumentCache full:https://registry.npmjs.org/debug cache-miss
124 http fetch GET 200 https://registry.npmjs.org/fast-deep-equal 191ms (cache miss)
125 silly packumentCache full:https://registry.npmjs.org/fast-deep-equal set size:undefined disposed:false
126 silly fetch manifest accepts@~1.3.5
127 silly packumentCache full:https://registry.npmjs.org/accepts cache-miss
128 http fetch GET 200 https://registry.npmjs.org/json-schema-traverse 200ms (cache miss)
129 silly packumentCache full:https://registry.npmjs.org/json-schema-traverse set size:undefined disposed:false
130 silly fetch manifest on-headers@~1.0.2
131 silly packumentCache full:https://registry.npmjs.org/on-headers cache-miss
132 http fetch GET 200 https://registry.npmjs.org/cli-boxes 205ms (cache miss)
133 silly packumentCache full:https://registry.npmjs.org/cli-boxes set size:undefined disposed:false
134 silly fetch manifest safe-buffer@5.1.2
135 silly packumentCache full:https://registry.npmjs.org/safe-buffer cache-miss
136 http fetch GET 200 https://registry.npmjs.org/camelcase 249ms (cache miss)
137 silly packumentCache full:https://registry.npmjs.org/camelcase set size:undefined disposed:false
138 silly fetch manifest compressible@~2.0.16
139 silly packumentCache full:https://registry.npmjs.org/compressible cache-miss
140 http fetch GET 200 https://registry.npmjs.org/ansi-align 256ms (cache miss)
141 silly packumentCache full:https://registry.npmjs.org/ansi-align set size:undefined disposed:false
142 silly fetch manifest bytes@3.0.0
143 silly packumentCache full:https://registry.npmjs.org/bytes cache-miss
144 http fetch GET 200 https://registry.npmjs.org/widest-line 261ms (cache miss)
145 silly packumentCache full:https://registry.npmjs.org/widest-line set size:undefined disposed:false
146 silly fetch manifest minimatch@3.1.2
147 silly packumentCache full:https://registry.npmjs.org/minimatch cache-miss
148 http fetch GET 200 https://registry.npmjs.org/wrap-ansi 263ms (cache miss)
149 silly packumentCache full:https://registry.npmjs.org/wrap-ansi set size:undefined disposed:false
150 silly fetch manifest mime-types@2.1.18
151 silly packumentCache full:https://registry.npmjs.org/mime-types cache-miss
152 http fetch GET 200 https://registry.npmjs.org/bytes 206ms (cache miss)
153 silly packumentCache full:https://registry.npmjs.org/bytes set size:undefined disposed:false
154 silly fetch manifest range-parser@1.2.0
155 silly packumentCache full:https://registry.npmjs.org/range-parser cache-miss
156 http fetch GET 200 https://registry.npmjs.org/debug 239ms (cache miss)
157 silly packumentCache full:https://registry.npmjs.org/debug set size:undefined disposed:false
158 silly fetch manifest path-is-inside@1.0.2
159 silly packumentCache full:https://registry.npmjs.org/path-is-inside cache-miss
160 http fetch GET 200 https://registry.npmjs.org/accepts 255ms (cache miss)
161 silly packumentCache full:https://registry.npmjs.org/accepts set size:undefined disposed:false
162 silly fetch manifest path-to-regexp@3.3.0
163 silly packumentCache full:https://registry.npmjs.org/path-to-regexp cache-miss
164 http fetch GET 200 https://registry.npmjs.org/type-fest 450ms (cache miss)
165 silly packumentCache full:https://registry.npmjs.org/type-fest set size:undefined disposed:false
166 silly fetch manifest content-disposition@0.5.2
167 silly packumentCache full:https://registry.npmjs.org/content-disposition cache-miss
168 http fetch GET 200 https://registry.npmjs.org/on-headers 279ms (cache miss)
169 silly packumentCache full:https://registry.npmjs.org/on-headers set size:undefined disposed:false
170 silly fetch manifest registry-auth-token@3.3.2
171 silly packumentCache full:https://registry.npmjs.org/registry-auth-token cache-miss
172 http fetch GET 200 https://registry.npmjs.org/bytes 233ms (cache miss)
173 silly packumentCache full:https://registry.npmjs.org/bytes set size:undefined disposed:false
174 silly fetch manifest registry-url@3.1.0
175 silly packumentCache full:https://registry.npmjs.org/registry-url cache-miss
176 http fetch GET 200 https://registry.npmjs.org/compressible 241ms (cache miss)
177 silly packumentCache full:https://registry.npmjs.org/compressible set size:undefined disposed:false
178 http fetch GET 200 https://registry.npmjs.org/mime-types 276ms (cache miss)
179 silly packumentCache full:https://registry.npmjs.org/mime-types set size:undefined disposed:false
180 http fetch GET 200 https://registry.npmjs.org/range-parser 155ms (cache miss)
181 silly packumentCache full:https://registry.npmjs.org/range-parser set size:undefined disposed:false
182 http fetch GET 200 https://registry.npmjs.org/arch 600ms (cache miss)
183 silly packumentCache full:https://registry.npmjs.org/arch set size:undefined disposed:false
184 http fetch GET 200 https://registry.npmjs.org/minimatch 363ms (cache miss)
185 silly packumentCache full:https://registry.npmjs.org/minimatch set size:undefined disposed:false
186 http fetch GET 200 https://registry.npmjs.org/path-is-inside 210ms (cache miss)
187 silly packumentCache full:https://registry.npmjs.org/path-is-inside set size:undefined disposed:false
188 http fetch GET 200 https://registry.npmjs.org/execa 651ms (cache miss)
189 silly packumentCache full:https://registry.npmjs.org/execa set size:undefined disposed:false
190 http fetch GET 200 https://registry.npmjs.org/content-disposition 197ms (cache miss)
191 silly packumentCache full:https://registry.npmjs.org/content-disposition set size:undefined disposed:false
192 http fetch GET 200 https://registry.npmjs.org/is-wsl 613ms (cache miss)
193 silly packumentCache full:https://registry.npmjs.org/is-wsl set size:undefined disposed:false
194 http fetch GET 200 https://registry.npmjs.org/path-to-regexp 231ms (cache miss)
195 silly packumentCache full:https://registry.npmjs.org/path-to-regexp set size:undefined disposed:false
196 http fetch GET 200 https://registry.npmjs.org/registry-auth-token 217ms (cache miss)
197 silly packumentCache full:https://registry.npmjs.org/registry-auth-token set size:undefined disposed:false
198 http fetch GET 200 https://registry.npmjs.org/vary 644ms (cache miss)
199 silly packumentCache full:https://registry.npmjs.org/vary set size:undefined disposed:false
200 http fetch GET 200 https://registry.npmjs.org/registry-url 210ms (cache miss)
201 silly packumentCache full:https://registry.npmjs.org/registry-url set size:undefined disposed:false
202 http fetch GET 200 https://registry.npmjs.org/safe-buffer 517ms (cache miss)
203 silly packumentCache full:https://registry.npmjs.org/safe-buffer set size:undefined disposed:false
204 http fetch GET 200 https://registry.npmjs.org/string-width 1800ms (cache miss)
205 silly packumentCache full:https://registry.npmjs.org/string-width set size:undefined disposed:false
206 silly placeDep ROOT fast-deep-equal@3.1.3 OK for: ajv@8.12.0 want: ^3.1.1
207 silly placeDep ROOT json-schema-traverse@1.0.0 OK for: ajv@8.12.0 want: ^1.0.0
208 silly placeDep ROOT require-from-string@2.0.2 OK for: ajv@8.12.0 want: ^2.0.2
209 silly placeDep ROOT uri-js@4.4.1 OK for: ajv@8.12.0 want: ^4.2.2
210 silly fetch manifest punycode@^2.1.0
211 silly packumentCache full:https://registry.npmjs.org/punycode cache-miss
212 http fetch GET 200 https://registry.npmjs.org/punycode 203ms (cache miss)
213 silly packumentCache full:https://registry.npmjs.org/punycode set size:undefined disposed:false
214 silly placeDep ROOT ansi-align@3.0.1 OK for: boxen@7.0.0 want: ^3.0.1
215 silly placeDep ROOT camelcase@7.0.1 OK for: boxen@7.0.0 want: ^7.0.0
216 silly placeDep ROOT cli-boxes@3.0.0 OK for: boxen@7.0.0 want: ^3.0.0
217 silly placeDep ROOT string-width@5.1.2 OK for: boxen@7.0.0 want: ^5.1.2
218 silly placeDep ROOT type-fest@2.19.0 OK for: boxen@7.0.0 want: ^2.13.0
219 silly placeDep ROOT widest-line@4.0.1 OK for: boxen@7.0.0 want: ^4.0.1
220 silly placeDep ROOT wrap-ansi@8.1.0 OK for: boxen@7.0.0 want: ^8.0.1
221 silly fetch manifest string-width@^4.1.0
222 silly packumentCache full:https://registry.npmjs.org/string-width cache-miss
223 silly fetch manifest strip-ansi@^7.0.1
224 silly packumentCache full:https://registry.npmjs.org/strip-ansi cache-miss
225 silly fetch manifest emoji-regex@^9.2.2
226 silly packumentCache full:https://registry.npmjs.org/emoji-regex cache-miss
227 silly fetch manifest eastasianwidth@^0.2.0
228 silly packumentCache full:https://registry.npmjs.org/eastasianwidth cache-miss
229 silly fetch manifest ansi-styles@^6.1.0
230 silly packumentCache full:https://registry.npmjs.org/ansi-styles cache-miss
231 silly fetch manifest strip-ansi@^7.0.1
232 silly packumentCache full:https://registry.npmjs.org/strip-ansi cache-miss
233 http cache https://registry.npmjs.org/string-width 29ms (cache hit)
234 silly packumentCache full:https://registry.npmjs.org/string-width set size:62083 disposed:false
235 http fetch GET 200 https://registry.npmjs.org/emoji-regex 178ms (cache miss)
236 silly packumentCache full:https://registry.npmjs.org/emoji-regex set size:undefined disposed:false
237 http fetch GET 200 https://registry.npmjs.org/eastasianwidth 180ms (cache miss)
238 silly packumentCache full:https://registry.npmjs.org/eastasianwidth set size:undefined disposed:false
239 http fetch GET 200 https://registry.npmjs.org/strip-ansi 187ms (cache miss)
240 silly packumentCache full:https://registry.npmjs.org/strip-ansi set size:undefined disposed:false
241 http fetch GET 200 https://registry.npmjs.org/strip-ansi 187ms (cache miss)
242 silly packumentCache full:https://registry.npmjs.org/strip-ansi set size:undefined disposed:false
243 http fetch GET 200 https://registry.npmjs.org/ansi-styles 195ms (cache miss)
244 silly packumentCache full:https://registry.npmjs.org/ansi-styles set size:undefined disposed:false
245 silly placeDep node_modules/ansi-align string-width@4.2.3 OK for: ansi-align@3.0.1 want: ^4.1.0
246 silly fetch manifest strip-ansi@^6.0.1
247 silly packumentCache full:https://registry.npmjs.org/strip-ansi cache-miss
248 silly fetch manifest emoji-regex@^8.0.0
249 silly packumentCache full:https://registry.npmjs.org/emoji-regex cache-miss
250 silly fetch manifest is-fullwidth-code-point@^3.0.0
251 silly packumentCache full:https://registry.npmjs.org/is-fullwidth-code-point cache-miss
252 http cache https://registry.npmjs.org/strip-ansi 13ms (cache hit)
253 silly packumentCache full:https://registry.npmjs.org/strip-ansi set size:43180 disposed:false
254 http cache https://registry.npmjs.org/emoji-regex 15ms (cache hit)
255 silly packumentCache full:https://registry.npmjs.org/emoji-regex set size:87013 disposed:false
256 http fetch GET 200 https://registry.npmjs.org/is-fullwidth-code-point 190ms (cache miss)
257 silly packumentCache full:https://registry.npmjs.org/is-fullwidth-code-point set size:undefined disposed:false
258 silly placeDep node_modules/chalk-template chalk@4.1.2 OK for: chalk-template@0.4.0 want: ^4.1.2
259 silly fetch manifest ansi-styles@^4.1.0
260 silly packumentCache full:https://registry.npmjs.org/ansi-styles cache-miss
261 silly fetch manifest supports-color@^7.1.0
262 silly packumentCache full:https://registry.npmjs.org/supports-color cache-miss
263 http cache https://registry.npmjs.org/ansi-styles 9ms (cache hit)
264 silly packumentCache full:https://registry.npmjs.org/ansi-styles set size:66356 disposed:false
265 http fetch GET 200 https://registry.npmjs.org/supports-color 178ms (cache miss)
266 silly packumentCache full:https://registry.npmjs.org/supports-color set size:undefined disposed:false
267 silly placeDep ROOT arch@2.2.0 OK for: clipboardy@3.0.0 want: ^2.2.0
268 silly placeDep ROOT execa@5.1.1 OK for: clipboardy@3.0.0 want: ^5.1.1
269 silly placeDep ROOT is-wsl@2.2.0 OK for: clipboardy@3.0.0 want: ^2.2.0
270 silly fetch manifest onetime@^5.1.2
271 silly packumentCache full:https://registry.npmjs.org/onetime cache-miss
272 silly fetch manifest is-stream@^2.0.0
273 silly packumentCache full:https://registry.npmjs.org/is-stream cache-miss
274 silly fetch manifest get-stream@^6.0.0
275 silly packumentCache full:https://registry.npmjs.org/get-stream cache-miss
276 silly fetch manifest cross-spawn@^7.0.3
277 silly packumentCache full:https://registry.npmjs.org/cross-spawn cache-miss
278 silly fetch manifest signal-exit@^3.0.3
279 silly packumentCache full:https://registry.npmjs.org/signal-exit cache-miss
280 silly fetch manifest merge-stream@^2.0.0
281 silly packumentCache full:https://registry.npmjs.org/merge-stream cache-miss
282 silly fetch manifest npm-run-path@^4.0.1
283 silly packumentCache full:https://registry.npmjs.org/npm-run-path cache-miss
284 silly fetch manifest human-signals@^2.1.0
285 silly packumentCache full:https://registry.npmjs.org/human-signals cache-miss
286 silly fetch manifest strip-final-newline@^2.0.0
287 silly packumentCache full:https://registry.npmjs.org/strip-final-newline cache-miss
288 silly fetch manifest is-docker@^2.0.0
289 silly packumentCache full:https://registry.npmjs.org/is-docker cache-miss
290 http fetch GET 200 https://registry.npmjs.org/is-stream 172ms (cache miss)
291 silly packumentCache full:https://registry.npmjs.org/is-stream set size:undefined disposed:false
292 http fetch GET 200 https://registry.npmjs.org/onetime 177ms (cache miss)
293 silly packumentCache full:https://registry.npmjs.org/onetime set size:undefined disposed:false
294 http fetch GET 200 https://registry.npmjs.org/signal-exit 190ms (cache miss)
295 silly packumentCache full:https://registry.npmjs.org/signal-exit set size:undefined disposed:false
296 http fetch GET 200 https://registry.npmjs.org/cross-spawn 193ms (cache miss)
297 silly packumentCache full:https://registry.npmjs.org/cross-spawn set size:undefined disposed:false
298 http fetch GET 200 https://registry.npmjs.org/get-stream 212ms (cache miss)
299 silly packumentCache full:https://registry.npmjs.org/get-stream set size:undefined disposed:false
300 http fetch GET 200 https://registry.npmjs.org/merge-stream 217ms (cache miss)
301 silly packumentCache full:https://registry.npmjs.org/merge-stream set size:undefined disposed:false
302 http fetch GET 200 https://registry.npmjs.org/strip-final-newline 219ms (cache miss)
303 silly packumentCache full:https://registry.npmjs.org/strip-final-newline set size:undefined disposed:false
304 http fetch GET 200 https://registry.npmjs.org/is-docker 220ms (cache miss)
305 silly packumentCache full:https://registry.npmjs.org/is-docker set size:undefined disposed:false
306 http fetch GET 200 https://registry.npmjs.org/npm-run-path 224ms (cache miss)
307 silly packumentCache full:https://registry.npmjs.org/npm-run-path set size:undefined disposed:false
308 http fetch GET 200 https://registry.npmjs.org/human-signals 231ms (cache miss)
309 silly packumentCache full:https://registry.npmjs.org/human-signals set size:undefined disposed:false
310 silly placeDep ROOT accepts@1.3.8 OK for: compression@1.7.4 want: ~1.3.5
311 silly placeDep ROOT bytes@3.0.0 OK for: compression@1.7.4 want: 3.0.0
312 silly placeDep ROOT compressible@2.0.18 OK for: compression@1.7.4 want: ~2.0.16
313 silly placeDep ROOT debug@2.6.9 OK for: compression@1.7.4 want: 2.6.9
314 silly placeDep ROOT on-headers@1.0.2 OK for: compression@1.7.4 want: ~1.0.2
315 silly placeDep ROOT safe-buffer@5.1.2 OK for: compression@1.7.4 want: 5.1.2
316 silly placeDep ROOT vary@1.1.2 OK for: compression@1.7.4 want: ~1.1.2
317 silly fetch manifest mime-types@~2.1.34
318 silly packumentCache full:https://registry.npmjs.org/mime-types cache-miss
319 silly fetch manifest negotiator@0.6.3
320 silly packumentCache full:https://registry.npmjs.org/negotiator cache-miss
321 silly fetch manifest mime-db@>= 1.43.0 < 2
322 silly packumentCache full:https://registry.npmjs.org/mime-db cache-miss
323 silly fetch manifest ms@2.0.0
324 silly packumentCache full:https://registry.npmjs.org/ms cache-miss
325 http cache https://registry.npmjs.org/mime-types 21ms (cache hit)
326 silly packumentCache full:https://registry.npmjs.org/mime-types set size:136716 disposed:false
327 http fetch GET 200 https://registry.npmjs.org/mime-db 184ms (cache miss)
328 silly packumentCache full:https://registry.npmjs.org/mime-db set size:undefined disposed:false
329 http fetch GET 200 https://registry.npmjs.org/ms 191ms (cache miss)
330 silly packumentCache full:https://registry.npmjs.org/ms set size:undefined disposed:false
331 http fetch GET 200 https://registry.npmjs.org/negotiator 361ms (cache miss)
332 silly packumentCache full:https://registry.npmjs.org/negotiator set size:undefined disposed:false
333 silly placeDep ROOT mime-types@2.1.35 OK for: accepts@1.3.8 want: ~2.1.34
334 silly placeDep ROOT negotiator@0.6.3 OK for: accepts@1.3.8 want: 0.6.3
335 silly fetch manifest mime-db@1.52.0
336 silly packumentCache full:https://registry.npmjs.org/mime-db cache-miss
337 http cache https://registry.npmjs.org/mime-db 9ms (cache hit)
338 silly packumentCache full:https://registry.npmjs.org/mime-db set size:164953 disposed:false
339 silly placeDep ROOT mime-db@1.54.0 OK for: compressible@2.0.18 want: >= 1.43.0 < 2
340 silly placeDep ROOT ms@2.0.0 OK for: debug@2.6.9 want: 2.0.0
341 silly placeDep ROOT cross-spawn@7.0.6 OK for: execa@5.1.1 want: ^7.0.3
342 silly placeDep ROOT get-stream@6.0.1 OK for: execa@5.1.1 want: ^6.0.0
343 silly placeDep ROOT human-signals@2.1.0 OK for: execa@5.1.1 want: ^2.1.0
344 silly placeDep ROOT is-stream@2.0.1 OK for: execa@5.1.1 want: ^2.0.0
345 silly placeDep ROOT merge-stream@2.0.0 OK for: execa@5.1.1 want: ^2.0.0
346 silly placeDep ROOT npm-run-path@4.0.1 OK for: execa@5.1.1 want: ^4.0.1
347 silly placeDep ROOT onetime@5.1.2 OK for: execa@5.1.1 want: ^5.1.2
348 silly placeDep ROOT signal-exit@3.0.7 OK for: execa@5.1.1 want: ^3.0.3
349 silly placeDep ROOT strip-final-newline@2.0.0 OK for: execa@5.1.1 want: ^2.0.0
350 silly fetch manifest which@^2.0.1
351 silly packumentCache full:https://registry.npmjs.org/which cache-miss
352 silly fetch manifest path-key@^3.1.0
353 silly packumentCache full:https://registry.npmjs.org/path-key cache-miss
354 silly fetch manifest shebang-command@^2.0.0
355 silly packumentCache full:https://registry.npmjs.org/shebang-command cache-miss
356 silly fetch manifest path-key@^3.0.0
357 silly packumentCache full:https://registry.npmjs.org/path-key cache-miss
358 silly fetch manifest mimic-fn@^2.1.0
359 silly packumentCache full:https://registry.npmjs.org/mimic-fn cache-miss
360 http fetch GET 200 https://registry.npmjs.org/which 175ms (cache miss)
361 silly packumentCache full:https://registry.npmjs.org/which set size:undefined disposed:false
362 http fetch GET 200 https://registry.npmjs.org/shebang-command 179ms (cache miss)
363 silly packumentCache full:https://registry.npmjs.org/shebang-command set size:undefined disposed:false
364 http fetch GET 200 https://registry.npmjs.org/path-key 180ms (cache miss)
365 silly packumentCache full:https://registry.npmjs.org/path-key set size:undefined disposed:false
366 http fetch GET 200 https://registry.npmjs.org/mimic-fn 183ms (cache miss)
367 silly packumentCache full:https://registry.npmjs.org/mimic-fn set size:undefined disposed:false
368 http fetch GET 200 https://registry.npmjs.org/path-key 184ms (cache miss)
369 silly packumentCache full:https://registry.npmjs.org/path-key set size:undefined disposed:false
370 silly placeDep ROOT path-key@3.1.1 OK for: cross-spawn@7.0.6 want: ^3.1.0
371 silly placeDep ROOT shebang-command@2.0.0 OK for: cross-spawn@7.0.6 want: ^2.0.0
372 silly placeDep ROOT which@2.0.2 OK for: cross-spawn@7.0.6 want: ^2.0.1
373 silly fetch manifest shebang-regex@^3.0.0
374 silly packumentCache full:https://registry.npmjs.org/shebang-regex cache-miss
375 silly fetch manifest isexe@^2.0.0
376 silly packumentCache full:https://registry.npmjs.org/isexe cache-miss
377 http fetch GET 200 https://registry.npmjs.org/shebang-regex 175ms (cache miss)
378 silly packumentCache full:https://registry.npmjs.org/shebang-regex set size:undefined disposed:false
379 http fetch GET 200 https://registry.npmjs.org/isexe 177ms (cache miss)
380 silly packumentCache full:https://registry.npmjs.org/isexe set size:undefined disposed:false
381 silly placeDep ROOT is-docker@2.2.1 OK for: is-wsl@2.2.0 want: ^2.0.0
382 silly placeDep node_modules/mime-types mime-db@1.52.0 OK for: mime-types@2.1.35 want: 1.52.0
383 silly placeDep ROOT mimic-fn@2.1.0 OK for: onetime@5.1.2 want: ^2.1.0
384 silly placeDep ROOT content-disposition@0.5.2 OK for: serve-handler@6.1.6 want: 0.5.2
385 silly placeDep node_modules/serve-handler mime-types@2.1.18 OK for: serve-handler@6.1.6 want: 2.1.18
386 silly placeDep ROOT minimatch@3.1.2 OK for: serve-handler@6.1.6 want: 3.1.2
387 silly placeDep ROOT path-is-inside@1.0.2 OK for: serve-handler@6.1.6 want: 1.0.2
388 silly placeDep ROOT path-to-regexp@3.3.0 OK for: serve-handler@6.1.6 want: 3.3.0
389 silly placeDep ROOT range-parser@1.2.0 OK for: serve-handler@6.1.6 want: 1.2.0
390 silly fetch manifest mime-db@~1.33.0
391 silly packumentCache full:https://registry.npmjs.org/mime-db cache-hit
392 silly fetch manifest brace-expansion@^1.1.7
393 silly packumentCache full:https://registry.npmjs.org/brace-expansion cache-miss
394 http fetch GET 200 https://registry.npmjs.org/brace-expansion 184ms (cache miss)
395 silly packumentCache full:https://registry.npmjs.org/brace-expansion set size:undefined disposed:false
396 silly placeDep ROOT brace-expansion@1.1.12 OK for: minimatch@3.1.2 want: ^1.1.7
397 silly fetch manifest balanced-match@^1.0.0
398 silly packumentCache full:https://registry.npmjs.org/balanced-match cache-miss
399 silly fetch manifest concat-map@0.0.1
400 silly packumentCache full:https://registry.npmjs.org/concat-map cache-miss
401 http fetch GET 200 https://registry.npmjs.org/balanced-match 196ms (cache miss)
402 silly packumentCache full:https://registry.npmjs.org/balanced-match set size:undefined disposed:false
403 http fetch GET 200 https://registry.npmjs.org/concat-map 938ms (cache miss)
404 silly packumentCache full:https://registry.npmjs.org/concat-map set size:undefined disposed:false
405 silly placeDep ROOT balanced-match@1.0.2 OK for: brace-expansion@1.1.12 want: ^1.0.0
406 silly placeDep ROOT concat-map@0.0.1 OK for: brace-expansion@1.1.12 want: 0.0.1
407 silly placeDep ROOT shebang-regex@3.0.0 OK for: shebang-command@2.0.0 want: ^3.0.0
408 silly placeDep ROOT eastasianwidth@0.2.0 OK for: string-width@5.1.2 want: ^0.2.0
409 silly placeDep ROOT emoji-regex@9.2.2 OK for: string-width@5.1.2 want: ^9.2.2
410 silly placeDep ROOT strip-ansi@7.1.0 OK for: string-width@5.1.2 want: ^7.0.1
411 silly fetch manifest ansi-regex@^6.0.1
412 silly packumentCache full:https://registry.npmjs.org/ansi-regex cache-miss
413 http fetch GET 200 https://registry.npmjs.org/ansi-regex 160ms (cache miss)
414 silly packumentCache full:https://registry.npmjs.org/ansi-regex set size:undefined disposed:false
415 silly placeDep ROOT ansi-regex@6.2.0 OK for: strip-ansi@7.1.0 want: ^6.0.1
416 silly placeDep ROOT registry-auth-token@3.3.2 OK for: update-check@1.5.4 want: 3.3.2
417 silly placeDep ROOT registry-url@3.1.0 OK for: update-check@1.5.4 want: 3.1.0
418 silly fetch manifest rc@^1.1.6
419 silly packumentCache full:https://registry.npmjs.org/rc cache-miss
420 silly fetch manifest rc@^1.0.1
421 silly packumentCache full:https://registry.npmjs.org/rc cache-miss
422 http fetch GET 200 https://registry.npmjs.org/rc 171ms (cache miss)
423 silly packumentCache full:https://registry.npmjs.org/rc set size:undefined disposed:false
424 http fetch GET 200 https://registry.npmjs.org/rc 173ms (cache miss)
425 silly packumentCache full:https://registry.npmjs.org/rc set size:undefined disposed:false
426 silly placeDep ROOT rc@1.2.8 OK for: registry-auth-token@3.3.2 want: ^1.1.6
427 silly fetch manifest ini@~1.3.0
428 silly packumentCache full:https://registry.npmjs.org/ini cache-miss
429 silly fetch manifest minimist@^1.2.0
430 silly packumentCache full:https://registry.npmjs.org/minimist cache-miss
431 silly fetch manifest deep-extend@^0.6.0
432 silly packumentCache full:https://registry.npmjs.org/deep-extend cache-miss
433 silly fetch manifest strip-json-comments@~2.0.1
434 silly packumentCache full:https://registry.npmjs.org/strip-json-comments cache-miss
435 http fetch GET 200 https://registry.npmjs.org/deep-extend 152ms (cache miss)
436 silly packumentCache full:https://registry.npmjs.org/deep-extend set size:undefined disposed:false
437 http fetch GET 200 https://registry.npmjs.org/strip-json-comments 173ms (cache miss)
438 silly packumentCache full:https://registry.npmjs.org/strip-json-comments set size:undefined disposed:false
439 http fetch GET 200 https://registry.npmjs.org/ini 179ms (cache miss)
440 silly packumentCache full:https://registry.npmjs.org/ini set size:undefined disposed:false
441 http fetch GET 200 https://registry.npmjs.org/minimist 185ms (cache miss)
442 silly packumentCache full:https://registry.npmjs.org/minimist set size:undefined disposed:false
443 silly placeDep ROOT deep-extend@0.6.0 OK for: rc@1.2.8 want: ^0.6.0
444 silly placeDep ROOT ini@1.3.8 OK for: rc@1.2.8 want: ~1.3.0
445 silly placeDep ROOT minimist@1.2.8 OK for: rc@1.2.8 want: ^1.2.0
446 silly placeDep ROOT strip-json-comments@2.0.1 OK for: rc@1.2.8 want: ~2.0.1
447 silly placeDep ROOT punycode@2.3.1 OK for: uri-js@4.4.1 want: ^2.1.0
448 silly placeDep ROOT isexe@2.0.0 OK for: which@2.0.2 want: ^2.0.0
449 silly placeDep ROOT ansi-styles@6.2.1 OK for: wrap-ansi@8.1.0 want: ^6.1.0
450 silly placeDep node_modules/ansi-align emoji-regex@8.0.0 OK for: string-width@4.2.3 want: ^8.0.0
451 silly placeDep ROOT is-fullwidth-code-point@3.0.0 OK for: string-width@4.2.3 want: ^3.0.0
452 silly placeDep node_modules/ansi-align strip-ansi@6.0.1 OK for: string-width@4.2.3 want: ^6.0.1
453 silly fetch manifest ansi-regex@^5.0.1
454 silly packumentCache full:https://registry.npmjs.org/ansi-regex cache-miss
455 http cache https://registry.npmjs.org/ansi-regex 21ms (cache hit)
456 silly packumentCache full:https://registry.npmjs.org/ansi-regex set size:44174 disposed:false
457 silly placeDep node_modules/ansi-align ansi-regex@5.0.1 OK for: strip-ansi@6.0.1 want: ^5.0.1
458 silly placeDep node_modules/chalk-template ansi-styles@4.3.0 OK for: chalk@4.1.2 want: ^4.1.0
459 silly placeDep ROOT supports-color@7.2.0 OK for: chalk@4.1.2 want: ^7.1.0
460 silly fetch manifest color-convert@^2.0.1
461 silly packumentCache full:https://registry.npmjs.org/color-convert cache-miss
462 silly fetch manifest has-flag@^4.0.0
463 silly packumentCache full:https://registry.npmjs.org/has-flag cache-miss
464 http fetch GET 200 https://registry.npmjs.org/color-convert 174ms (cache miss)
465 silly packumentCache full:https://registry.npmjs.org/color-convert set size:undefined disposed:false
466 http fetch GET 200 https://registry.npmjs.org/has-flag 180ms (cache miss)
467 silly packumentCache full:https://registry.npmjs.org/has-flag set size:undefined disposed:false
468 silly placeDep ROOT has-flag@4.0.0 OK for: supports-color@7.2.0 want: ^4.0.0
469 silly placeDep ROOT color-convert@2.0.1 OK for: ansi-styles@4.3.0 want: ^2.0.1
470 silly fetch manifest color-name@~1.1.4
471 silly packumentCache full:https://registry.npmjs.org/color-name cache-miss
472 http fetch GET 200 https://registry.npmjs.org/color-name 175ms (cache miss)
473 silly packumentCache full:https://registry.npmjs.org/color-name set size:undefined disposed:false
474 silly placeDep ROOT color-name@1.1.4 OK for: color-convert@2.0.1 want: ~1.1.4
475 silly placeDep node_modules/serve-handler mime-db@1.33.0 OK for: mime-types@2.1.18 want: ~1.33.0
476 silly reify moves {}
477 silly audit bulk request {
477 silly audit   serve: [ '14.2.4' ],
477 silly audit   '@zeit/schemas': [ '2.36.0' ],
477 silly audit   ajv: [ '8.12.0' ],
477 silly audit   arg: [ '5.0.2' ],
477 silly audit   boxen: [ '7.0.0' ],
477 silly audit   chalk: [ '5.0.1', '4.1.2' ],
477 silly audit   'chalk-template': [ '0.4.0' ],
477 silly audit   clipboardy: [ '3.0.0' ],
477 silly audit   compression: [ '1.7.4' ],
477 silly audit   'is-port-reachable': [ '4.0.0' ],
477 silly audit   'serve-handler': [ '6.1.6' ],
477 silly audit   'update-check': [ '1.5.4' ],
477 silly audit   'fast-deep-equal': [ '3.1.3' ],
477 silly audit   'json-schema-traverse': [ '1.0.0' ],
477 silly audit   'require-from-string': [ '2.0.2' ],
477 silly audit   'uri-js': [ '4.4.1' ],
477 silly audit   'ansi-align': [ '3.0.1' ],
477 silly audit   camelcase: [ '7.0.1' ],
477 silly audit   'cli-boxes': [ '3.0.0' ],
477 silly audit   'string-width': [ '5.1.2', '4.2.3' ],
477 silly audit   'type-fest': [ '2.19.0' ],
477 silly audit   'widest-line': [ '4.0.1' ],
477 silly audit   'wrap-ansi': [ '8.1.0' ],
477 silly audit   arch: [ '2.2.0' ],
477 silly audit   execa: [ '5.1.1' ],
477 silly audit   'is-wsl': [ '2.2.0' ],
477 silly audit   accepts: [ '1.3.8' ],
477 silly audit   bytes: [ '3.0.0' ],
477 silly audit   compressible: [ '2.0.18' ],
477 silly audit   debug: [ '2.6.9' ],
477 silly audit   'on-headers': [ '1.0.2' ],
477 silly audit   'safe-buffer': [ '5.1.2' ],
477 silly audit   vary: [ '1.1.2' ],
477 silly audit   'mime-types': [ '2.1.35', '2.1.18' ],
477 silly audit   negotiator: [ '0.6.3' ],
477 silly audit   'mime-db': [ '1.54.0', '1.52.0', '1.33.0' ],
477 silly audit   ms: [ '2.0.0' ],
477 silly audit   'cross-spawn': [ '7.0.6' ],
477 silly audit   'get-stream': [ '6.0.1' ],
477 silly audit   'human-signals': [ '2.1.0' ],
477 silly audit   'is-stream': [ '2.0.1' ],
477 silly audit   'merge-stream': [ '2.0.0' ],
477 silly audit   'npm-run-path': [ '4.0.1' ],
477 silly audit   onetime: [ '5.1.2' ],
477 silly audit   'signal-exit': [ '3.0.7' ],
477 silly audit   'strip-final-newline': [ '2.0.0' ],
477 silly audit   'path-key': [ '3.1.1' ],
477 silly audit   'shebang-command': [ '2.0.0' ],
477 silly audit   which: [ '2.0.2' ],
477 silly audit   'is-docker': [ '2.2.1' ],
477 silly audit   'mimic-fn': [ '2.1.0' ],
477 silly audit   'content-disposition': [ '0.5.2' ],
477 silly audit   minimatch: [ '3.1.2' ],
477 silly audit   'path-is-inside': [ '1.0.2' ],
477 silly audit   'path-to-regexp': [ '3.3.0' ],
477 silly audit   'range-parser': [ '1.2.0' ],
477 silly audit   'brace-expansion': [ '1.1.12' ],
477 silly audit   'balanced-match': [ '1.0.2' ],
477 silly audit   'concat-map': [ '0.0.1' ],
477 silly audit   'shebang-regex': [ '3.0.0' ],
477 silly audit   eastasianwidth: [ '0.2.0' ],
477 silly audit   'emoji-regex': [ '9.2.2', '8.0.0' ],
477 silly audit   'strip-ansi': [ '7.1.0', '6.0.1' ],
477 silly audit   'ansi-regex': [ '6.2.0', '5.0.1' ],
477 silly audit   'registry-auth-token': [ '3.3.2' ],
477 silly audit   'registry-url': [ '3.1.0' ],
477 silly audit   rc: [ '1.2.8' ],
477 silly audit   'deep-extend': [ '0.6.0' ],
477 silly audit   ini: [ '1.3.8' ],
477 silly audit   minimist: [ '1.2.8' ],
477 silly audit   'strip-json-comments': [ '2.0.1' ],
477 silly audit   punycode: [ '2.3.1' ],
477 silly audit   isexe: [ '2.0.0' ],
477 silly audit   'ansi-styles': [ '6.2.1', '4.3.0' ],
477 silly audit   'is-fullwidth-code-point': [ '3.0.0' ],
477 silly audit   'supports-color': [ '7.2.0' ],
477 silly audit   'has-flag': [ '4.0.0' ],
477 silly audit   'color-convert': [ '2.0.1' ],
477 silly audit   'color-name': [ '1.1.4' ]
477 silly audit }
478 http cache color-name@https://registry.npmjs.org/color-name/-/color-name-1.1.4.tgz 0ms (cache hit)
479 http cache color-convert@https://registry.npmjs.org/color-convert/-/color-convert-2.0.1.tgz 0ms (cache hit)
480 http cache has-flag@https://registry.npmjs.org/has-flag/-/has-flag-4.0.0.tgz 0ms (cache hit)
481 http cache is-fullwidth-code-point@https://registry.npmjs.org/is-fullwidth-code-point/-/is-fullwidth-code-point-3.0.0.tgz 0ms (cache hit)
482 http cache supports-color@https://registry.npmjs.org/supports-color/-/supports-color-7.2.0.tgz 0ms (cache hit)
483 http cache ansi-styles@https://registry.npmjs.org/ansi-styles/-/ansi-styles-6.2.1.tgz 0ms (cache hit)
484 http cache punycode@https://registry.npmjs.org/punycode/-/punycode-2.3.1.tgz 0ms (cache hit)
485 http cache isexe@https://registry.npmjs.org/isexe/-/isexe-2.0.0.tgz 0ms (cache hit)
486 http cache strip-json-comments@https://registry.npmjs.org/strip-json-comments/-/strip-json-comments-2.0.1.tgz 0ms (cache hit)
487 http cache minimist@https://registry.npmjs.org/minimist/-/minimist-1.2.8.tgz 0ms (cache hit)
488 http cache ini@https://registry.npmjs.org/ini/-/ini-1.3.8.tgz 0ms (cache hit)
489 http cache deep-extend@https://registry.npmjs.org/deep-extend/-/deep-extend-0.6.0.tgz 0ms (cache hit)
490 http cache rc@https://registry.npmjs.org/rc/-/rc-1.2.8.tgz 0ms (cache hit)
491 http cache registry-url@https://registry.npmjs.org/registry-url/-/registry-url-3.1.0.tgz 0ms (cache hit)
492 http cache registry-auth-token@https://registry.npmjs.org/registry-auth-token/-/registry-auth-token-3.3.2.tgz 0ms (cache hit)
493 http cache ansi-regex@https://registry.npmjs.org/ansi-regex/-/ansi-regex-6.2.0.tgz 0ms (cache hit)
494 http cache strip-ansi@https://registry.npmjs.org/strip-ansi/-/strip-ansi-7.1.0.tgz 0ms (cache hit)
495 http cache emoji-regex@https://registry.npmjs.org/emoji-regex/-/emoji-regex-9.2.2.tgz 0ms (cache hit)
496 http cache eastasianwidth@https://registry.npmjs.org/eastasianwidth/-/eastasianwidth-0.2.0.tgz 0ms (cache hit)
497 http cache shebang-regex@https://registry.npmjs.org/shebang-regex/-/shebang-regex-3.0.0.tgz 0ms (cache hit)
498 http cache balanced-match@https://registry.npmjs.org/balanced-match/-/balanced-match-1.0.2.tgz 0ms (cache hit)
499 http cache brace-expansion@https://registry.npmjs.org/brace-expansion/-/brace-expansion-1.1.12.tgz 0ms (cache hit)
500 http cache path-to-regexp@https://registry.npmjs.org/path-to-regexp/-/path-to-regexp-3.3.0.tgz 0ms (cache hit)
501 http cache concat-map@https://registry.npmjs.org/concat-map/-/concat-map-0.0.1.tgz 0ms (cache hit)
502 http cache path-is-inside@https://registry.npmjs.org/path-is-inside/-/path-is-inside-1.0.2.tgz 0ms (cache hit)
503 http cache range-parser@https://registry.npmjs.org/range-parser/-/range-parser-1.2.0.tgz 0ms (cache hit)
504 http cache content-disposition@https://registry.npmjs.org/content-disposition/-/content-disposition-0.5.2.tgz 0ms (cache hit)
505 http cache minimatch@https://registry.npmjs.org/minimatch/-/minimatch-3.1.2.tgz 0ms (cache hit)
506 http cache is-docker@https://registry.npmjs.org/is-docker/-/is-docker-2.2.1.tgz 0ms (cache hit)
507 http cache shebang-command@https://registry.npmjs.org/shebang-command/-/shebang-command-2.0.0.tgz 0ms (cache hit)
508 http cache which@https://registry.npmjs.org/which/-/which-2.0.2.tgz 0ms (cache hit)
509 http cache path-key@https://registry.npmjs.org/path-key/-/path-key-3.1.1.tgz 0ms (cache hit)
510 http cache mimic-fn@https://registry.npmjs.org/mimic-fn/-/mimic-fn-2.1.0.tgz 0ms (cache hit)
511 http cache strip-final-newline@https://registry.npmjs.org/strip-final-newline/-/strip-final-newline-2.0.0.tgz 0ms (cache hit)
512 http cache signal-exit@https://registry.npmjs.org/signal-exit/-/signal-exit-3.0.7.tgz 0ms (cache hit)
513 http cache onetime@https://registry.npmjs.org/onetime/-/onetime-5.1.2.tgz 0ms (cache hit)
514 http cache npm-run-path@https://registry.npmjs.org/npm-run-path/-/npm-run-path-4.0.1.tgz 0ms (cache hit)
515 http cache merge-stream@https://registry.npmjs.org/merge-stream/-/merge-stream-2.0.0.tgz 0ms (cache hit)
516 http cache human-signals@https://registry.npmjs.org/human-signals/-/human-signals-2.1.0.tgz 0ms (cache hit)
517 http cache is-stream@https://registry.npmjs.org/is-stream/-/is-stream-2.0.1.tgz 0ms (cache hit)
518 http cache get-stream@https://registry.npmjs.org/get-stream/-/get-stream-6.0.1.tgz 0ms (cache hit)
519 http cache ms@https://registry.npmjs.org/ms/-/ms-2.0.0.tgz 0ms (cache hit)
520 http cache mime-db@https://registry.npmjs.org/mime-db/-/mime-db-1.54.0.tgz 0ms (cache hit)
521 http cache cross-spawn@https://registry.npmjs.org/cross-spawn/-/cross-spawn-7.0.6.tgz 0ms (cache hit)
522 http cache negotiator@https://registry.npmjs.org/negotiator/-/negotiator-0.6.3.tgz 0ms (cache hit)
523 http cache vary@https://registry.npmjs.org/vary/-/vary-1.1.2.tgz 0ms (cache hit)
524 http cache mime-types@https://registry.npmjs.org/mime-types/-/mime-types-2.1.35.tgz 0ms (cache hit)
525 http cache safe-buffer@https://registry.npmjs.org/safe-buffer/-/safe-buffer-5.1.2.tgz 0ms (cache hit)
526 http cache on-headers@https://registry.npmjs.org/on-headers/-/on-headers-1.0.2.tgz 0ms (cache hit)
527 http cache debug@https://registry.npmjs.org/debug/-/debug-2.6.9.tgz 0ms (cache hit)
528 http cache compressible@https://registry.npmjs.org/compressible/-/compressible-2.0.18.tgz 0ms (cache hit)
529 http cache bytes@https://registry.npmjs.org/bytes/-/bytes-3.0.0.tgz 0ms (cache hit)
530 http cache is-wsl@https://registry.npmjs.org/is-wsl/-/is-wsl-2.2.0.tgz 0ms (cache hit)
531 http cache wrap-ansi@https://registry.npmjs.org/wrap-ansi/-/wrap-ansi-8.1.0.tgz 0ms (cache hit)
532 http cache accepts@https://registry.npmjs.org/accepts/-/accepts-1.3.8.tgz 0ms (cache hit)
533 http cache type-fest@https://registry.npmjs.org/type-fest/-/type-fest-2.19.0.tgz 0ms (cache hit)
534 http cache execa@https://registry.npmjs.org/execa/-/execa-5.1.1.tgz 0ms (cache hit)
535 http cache arch@https://registry.npmjs.org/arch/-/arch-2.2.0.tgz 0ms (cache hit)
536 http cache widest-line@https://registry.npmjs.org/widest-line/-/widest-line-4.0.1.tgz 0ms (cache hit)
537 http cache string-width@https://registry.npmjs.org/string-width/-/string-width-5.1.2.tgz 0ms (cache hit)
538 http cache cli-boxes@https://registry.npmjs.org/cli-boxes/-/cli-boxes-3.0.0.tgz 0ms (cache hit)
539 http cache camelcase@https://registry.npmjs.org/camelcase/-/camelcase-7.0.1.tgz 0ms (cache hit)
540 http cache uri-js@https://registry.npmjs.org/uri-js/-/uri-js-4.4.1.tgz 0ms (cache hit)
541 http cache require-from-string@https://registry.npmjs.org/require-from-string/-/require-from-string-2.0.2.tgz 0ms (cache hit)
542 http cache ansi-align@https://registry.npmjs.org/ansi-align/-/ansi-align-3.0.1.tgz 0ms (cache hit)
543 http cache json-schema-traverse@https://registry.npmjs.org/json-schema-traverse/-/json-schema-traverse-1.0.0.tgz 0ms (cache hit)
544 http cache fast-deep-equal@https://registry.npmjs.org/fast-deep-equal/-/fast-deep-equal-3.1.3.tgz 0ms (cache hit)
545 http cache update-check@https://registry.npmjs.org/update-check/-/update-check-1.5.4.tgz 0ms (cache hit)
546 http cache is-port-reachable@https://registry.npmjs.org/is-port-reachable/-/is-port-reachable-4.0.0.tgz 0ms (cache hit)
547 http cache serve-handler@https://registry.npmjs.org/serve-handler/-/serve-handler-6.1.6.tgz 0ms (cache hit)
548 http cache chalk@https://registry.npmjs.org/chalk/-/chalk-5.0.1.tgz 0ms (cache hit)
549 http cache compression@https://registry.npmjs.org/compression/-/compression-1.7.4.tgz 0ms (cache hit)
550 http cache chalk-template@https://registry.npmjs.org/chalk-template/-/chalk-template-0.4.0.tgz 0ms (cache hit)
551 http cache clipboardy@https://registry.npmjs.org/clipboardy/-/clipboardy-3.0.0.tgz 0ms (cache hit)
552 http cache arg@https://registry.npmjs.org/arg/-/arg-5.0.2.tgz 0ms (cache hit)
553 http cache ajv@https://registry.npmjs.org/ajv/-/ajv-8.12.0.tgz 0ms (cache hit)
554 http cache boxen@https://registry.npmjs.org/boxen/-/boxen-7.0.0.tgz 0ms (cache hit)
555 http cache @zeit/schemas@https://registry.npmjs.org/@zeit/schemas/-/schemas-2.36.0.tgz 0ms (cache hit)
556 http cache mime-db@https://registry.npmjs.org/mime-db/-/mime-db-1.52.0.tgz 0ms (cache hit)
557 http cache serve@https://registry.npmjs.org/serve/-/serve-14.2.4.tgz 0ms (cache hit)
558 http cache ansi-regex@https://registry.npmjs.org/ansi-regex/-/ansi-regex-5.0.1.tgz 0ms (cache hit)
559 http cache mime-db@https://registry.npmjs.org/mime-db/-/mime-db-1.33.0.tgz 0ms (cache hit)
560 http cache strip-ansi@https://registry.npmjs.org/strip-ansi/-/strip-ansi-6.0.1.tgz 0ms (cache hit)
561 http cache string-width@https://registry.npmjs.org/string-width/-/string-width-4.2.3.tgz 0ms (cache hit)
562 http cache emoji-regex@https://registry.npmjs.org/emoji-regex/-/emoji-regex-8.0.0.tgz 0ms (cache hit)
563 silly tarball no local data for color-name@https://registry.npmjs.org/color-name/-/color-name-1.1.4.tgz. Extracting by manifest.
564 silly tarball no local data for color-convert@https://registry.npmjs.org/color-convert/-/color-convert-2.0.1.tgz. Extracting by manifest.
565 silly tarball no local data for has-flag@https://registry.npmjs.org/has-flag/-/has-flag-4.0.0.tgz. Extracting by manifest.
566 silly tarball no local data for is-fullwidth-code-point@https://registry.npmjs.org/is-fullwidth-code-point/-/is-fullwidth-code-point-3.0.0.tgz. Extracting by manifest.
567 http cache mime-types@https://registry.npmjs.org/mime-types/-/mime-types-2.1.18.tgz 0ms (cache hit)
568 silly tarball no local data for supports-color@https://registry.npmjs.org/supports-color/-/supports-color-7.2.0.tgz. Extracting by manifest.
569 silly tarball no local data for ansi-styles@https://registry.npmjs.org/ansi-styles/-/ansi-styles-6.2.1.tgz. Extracting by manifest.
570 silly tarball no local data for punycode@https://registry.npmjs.org/punycode/-/punycode-2.3.1.tgz. Extracting by manifest.
571 silly tarball no local data for isexe@https://registry.npmjs.org/isexe/-/isexe-2.0.0.tgz. Extracting by manifest.
572 silly tarball no local data for strip-json-comments@https://registry.npmjs.org/strip-json-comments/-/strip-json-comments-2.0.1.tgz. Extracting by manifest.
573 silly tarball no local data for minimist@https://registry.npmjs.org/minimist/-/minimist-1.2.8.tgz. Extracting by manifest.
574 silly tarball no local data for ini@https://registry.npmjs.org/ini/-/ini-1.3.8.tgz. Extracting by manifest.
575 silly tarball no local data for deep-extend@https://registry.npmjs.org/deep-extend/-/deep-extend-0.6.0.tgz. Extracting by manifest.
576 silly tarball no local data for rc@https://registry.npmjs.org/rc/-/rc-1.2.8.tgz. Extracting by manifest.
577 silly tarball no local data for registry-url@https://registry.npmjs.org/registry-url/-/registry-url-3.1.0.tgz. Extracting by manifest.
578 silly tarball no local data for registry-auth-token@https://registry.npmjs.org/registry-auth-token/-/registry-auth-token-3.3.2.tgz. Extracting by manifest.
579 silly tarball no local data for ansi-regex@https://registry.npmjs.org/ansi-regex/-/ansi-regex-6.2.0.tgz. Extracting by manifest.
580 silly tarball no local data for strip-ansi@https://registry.npmjs.org/strip-ansi/-/strip-ansi-7.1.0.tgz. Extracting by manifest.
581 http cache ansi-styles@https://registry.npmjs.org/ansi-styles/-/ansi-styles-4.3.0.tgz 0ms (cache hit)
582 silly tarball no local data for emoji-regex@https://registry.npmjs.org/emoji-regex/-/emoji-regex-9.2.2.tgz. Extracting by manifest.
583 silly tarball no local data for eastasianwidth@https://registry.npmjs.org/eastasianwidth/-/eastasianwidth-0.2.0.tgz. Extracting by manifest.
584 silly tarball no local data for shebang-regex@https://registry.npmjs.org/shebang-regex/-/shebang-regex-3.0.0.tgz. Extracting by manifest.
585 silly tarball no local data for balanced-match@https://registry.npmjs.org/balanced-match/-/balanced-match-1.0.2.tgz. Extracting by manifest.
586 silly tarball no local data for brace-expansion@https://registry.npmjs.org/brace-expansion/-/brace-expansion-1.1.12.tgz. Extracting by manifest.
587 silly tarball no local data for path-to-regexp@https://registry.npmjs.org/path-to-regexp/-/path-to-regexp-3.3.0.tgz. Extracting by manifest.
588 silly tarball no local data for concat-map@https://registry.npmjs.org/concat-map/-/concat-map-0.0.1.tgz. Extracting by manifest.
589 silly tarball no local data for path-is-inside@https://registry.npmjs.org/path-is-inside/-/path-is-inside-1.0.2.tgz. Extracting by manifest.
590 http cache chalk@https://registry.npmjs.org/chalk/-/chalk-4.1.2.tgz 0ms (cache hit)
591 silly tarball no local data for range-parser@https://registry.npmjs.org/range-parser/-/range-parser-1.2.0.tgz. Extracting by manifest.
592 silly tarball no local data for content-disposition@https://registry.npmjs.org/content-disposition/-/content-disposition-0.5.2.tgz. Extracting by manifest.
593 silly tarball no local data for minimatch@https://registry.npmjs.org/minimatch/-/minimatch-3.1.2.tgz. Extracting by manifest.
594 silly tarball no local data for is-docker@https://registry.npmjs.org/is-docker/-/is-docker-2.2.1.tgz. Extracting by manifest.
595 silly tarball no local data for shebang-command@https://registry.npmjs.org/shebang-command/-/shebang-command-2.0.0.tgz. Extracting by manifest.
596 silly tarball no local data for which@https://registry.npmjs.org/which/-/which-2.0.2.tgz. Extracting by manifest.
597 silly tarball no local data for path-key@https://registry.npmjs.org/path-key/-/path-key-3.1.1.tgz. Extracting by manifest.
598 silly tarball no local data for mimic-fn@https://registry.npmjs.org/mimic-fn/-/mimic-fn-2.1.0.tgz. Extracting by manifest.
599 silly tarball no local data for strip-final-newline@https://registry.npmjs.org/strip-final-newline/-/strip-final-newline-2.0.0.tgz. Extracting by manifest.
600 silly tarball no local data for signal-exit@https://registry.npmjs.org/signal-exit/-/signal-exit-3.0.7.tgz. Extracting by manifest.
601 silly tarball no local data for onetime@https://registry.npmjs.org/onetime/-/onetime-5.1.2.tgz. Extracting by manifest.
602 silly tarball no local data for npm-run-path@https://registry.npmjs.org/npm-run-path/-/npm-run-path-4.0.1.tgz. Extracting by manifest.
603 silly tarball no local data for merge-stream@https://registry.npmjs.org/merge-stream/-/merge-stream-2.0.0.tgz. Extracting by manifest.
604 silly tarball no local data for human-signals@https://registry.npmjs.org/human-signals/-/human-signals-2.1.0.tgz. Extracting by manifest.
605 silly tarball no local data for is-stream@https://registry.npmjs.org/is-stream/-/is-stream-2.0.1.tgz. Extracting by manifest.
606 silly tarball no local data for get-stream@https://registry.npmjs.org/get-stream/-/get-stream-6.0.1.tgz. Extracting by manifest.
607 silly tarball no local data for ms@https://registry.npmjs.org/ms/-/ms-2.0.0.tgz. Extracting by manifest.
608 silly tarball no local data for mime-db@https://registry.npmjs.org/mime-db/-/mime-db-1.54.0.tgz. Extracting by manifest.
609 silly tarball no local data for cross-spawn@https://registry.npmjs.org/cross-spawn/-/cross-spawn-7.0.6.tgz. Extracting by manifest.
610 silly tarball no local data for negotiator@https://registry.npmjs.org/negotiator/-/negotiator-0.6.3.tgz. Extracting by manifest.
611 silly tarball no local data for vary@https://registry.npmjs.org/vary/-/vary-1.1.2.tgz. Extracting by manifest.
612 silly tarball no local data for mime-types@https://registry.npmjs.org/mime-types/-/mime-types-2.1.35.tgz. Extracting by manifest.
613 silly tarball no local data for safe-buffer@https://registry.npmjs.org/safe-buffer/-/safe-buffer-5.1.2.tgz. Extracting by manifest.
614 silly tarball no local data for on-headers@https://registry.npmjs.org/on-headers/-/on-headers-1.0.2.tgz. Extracting by manifest.
615 silly tarball no local data for debug@https://registry.npmjs.org/debug/-/debug-2.6.9.tgz. Extracting by manifest.
616 silly tarball no local data for compressible@https://registry.npmjs.org/compressible/-/compressible-2.0.18.tgz. Extracting by manifest.
617 silly tarball no local data for bytes@https://registry.npmjs.org/bytes/-/bytes-3.0.0.tgz. Extracting by manifest.
618 silly tarball no local data for is-wsl@https://registry.npmjs.org/is-wsl/-/is-wsl-2.2.0.tgz. Extracting by manifest.
619 silly tarball no local data for wrap-ansi@https://registry.npmjs.org/wrap-ansi/-/wrap-ansi-8.1.0.tgz. Extracting by manifest.
620 silly tarball no local data for accepts@https://registry.npmjs.org/accepts/-/accepts-1.3.8.tgz. Extracting by manifest.
621 silly tarball no local data for type-fest@https://registry.npmjs.org/type-fest/-/type-fest-2.19.0.tgz. Extracting by manifest.
622 silly tarball no local data for execa@https://registry.npmjs.org/execa/-/execa-5.1.1.tgz. Extracting by manifest.
623 silly tarball no local data for arch@https://registry.npmjs.org/arch/-/arch-2.2.0.tgz. Extracting by manifest.
624 silly tarball no local data for widest-line@https://registry.npmjs.org/widest-line/-/widest-line-4.0.1.tgz. Extracting by manifest.
625 silly tarball no local data for string-width@https://registry.npmjs.org/string-width/-/string-width-5.1.2.tgz. Extracting by manifest.
626 silly tarball no local data for cli-boxes@https://registry.npmjs.org/cli-boxes/-/cli-boxes-3.0.0.tgz. Extracting by manifest.
627 silly tarball no local data for camelcase@https://registry.npmjs.org/camelcase/-/camelcase-7.0.1.tgz. Extracting by manifest.
628 silly tarball no local data for uri-js@https://registry.npmjs.org/uri-js/-/uri-js-4.4.1.tgz. Extracting by manifest.
629 silly tarball no local data for require-from-string@https://registry.npmjs.org/require-from-string/-/require-from-string-2.0.2.tgz. Extracting by manifest.
630 silly tarball no local data for ansi-align@https://registry.npmjs.org/ansi-align/-/ansi-align-3.0.1.tgz. Extracting by manifest.
631 silly tarball no local data for json-schema-traverse@https://registry.npmjs.org/json-schema-traverse/-/json-schema-traverse-1.0.0.tgz. Extracting by manifest.
632 silly tarball no local data for fast-deep-equal@https://registry.npmjs.org/fast-deep-equal/-/fast-deep-equal-3.1.3.tgz. Extracting by manifest.
633 silly tarball no local data for update-check@https://registry.npmjs.org/update-check/-/update-check-1.5.4.tgz. Extracting by manifest.
634 silly tarball no local data for is-port-reachable@https://registry.npmjs.org/is-port-reachable/-/is-port-reachable-4.0.0.tgz. Extracting by manifest.
635 silly tarball no local data for serve-handler@https://registry.npmjs.org/serve-handler/-/serve-handler-6.1.6.tgz. Extracting by manifest.
636 silly tarball no local data for chalk@https://registry.npmjs.org/chalk/-/chalk-5.0.1.tgz. Extracting by manifest.
637 silly tarball no local data for compression@https://registry.npmjs.org/compression/-/compression-1.7.4.tgz. Extracting by manifest.
638 silly tarball no local data for chalk-template@https://registry.npmjs.org/chalk-template/-/chalk-template-0.4.0.tgz. Extracting by manifest.
639 silly tarball no local data for clipboardy@https://registry.npmjs.org/clipboardy/-/clipboardy-3.0.0.tgz. Extracting by manifest.
640 silly tarball no local data for arg@https://registry.npmjs.org/arg/-/arg-5.0.2.tgz. Extracting by manifest.
641 silly tarball no local data for ajv@https://registry.npmjs.org/ajv/-/ajv-8.12.0.tgz. Extracting by manifest.
642 silly tarball no local data for boxen@https://registry.npmjs.org/boxen/-/boxen-7.0.0.tgz. Extracting by manifest.
643 silly tarball no local data for @zeit/schemas@https://registry.npmjs.org/@zeit/schemas/-/schemas-2.36.0.tgz. Extracting by manifest.
644 silly tarball no local data for mime-db@https://registry.npmjs.org/mime-db/-/mime-db-1.52.0.tgz. Extracting by manifest.
645 silly tarball no local data for serve@https://registry.npmjs.org/serve/-/serve-14.2.4.tgz. Extracting by manifest.
646 silly tarball no local data for ansi-regex@https://registry.npmjs.org/ansi-regex/-/ansi-regex-5.0.1.tgz. Extracting by manifest.
647 silly tarball no local data for mime-db@https://registry.npmjs.org/mime-db/-/mime-db-1.33.0.tgz. Extracting by manifest.
648 silly tarball no local data for strip-ansi@https://registry.npmjs.org/strip-ansi/-/strip-ansi-6.0.1.tgz. Extracting by manifest.
649 silly tarball no local data for string-width@https://registry.npmjs.org/string-width/-/string-width-4.2.3.tgz. Extracting by manifest.
650 silly tarball no local data for emoji-regex@https://registry.npmjs.org/emoji-regex/-/emoji-regex-8.0.0.tgz. Extracting by manifest.
651 silly tarball no local data for mime-types@https://registry.npmjs.org/mime-types/-/mime-types-2.1.18.tgz. Extracting by manifest.
652 silly tarball no local data for ansi-styles@https://registry.npmjs.org/ansi-styles/-/ansi-styles-4.3.0.tgz. Extracting by manifest.
653 silly tarball no local data for chalk@https://registry.npmjs.org/chalk/-/chalk-4.1.2.tgz. Extracting by manifest.
654 http fetch GET 200 https://registry.npmjs.org/color-name/-/color-name-1.1.4.tgz 247ms (cache miss)
655 http fetch GET 200 https://registry.npmjs.org/is-fullwidth-code-point/-/is-fullwidth-code-point-3.0.0.tgz 255ms (cache miss)
656 http fetch GET 200 https://registry.npmjs.org/ansi-styles/-/ansi-styles-6.2.1.tgz 260ms (cache miss)
657 http fetch GET 200 https://registry.npmjs.org/has-flag/-/has-flag-4.0.0.tgz 266ms (cache miss)
658 http fetch GET 200 https://registry.npmjs.org/supports-color/-/supports-color-7.2.0.tgz 264ms (cache miss)
659 http fetch GET 200 https://registry.npmjs.org/strip-json-comments/-/strip-json-comments-2.0.1.tgz 271ms (cache miss)
660 http fetch GET 200 https://registry.npmjs.org/punycode/-/punycode-2.3.1.tgz 276ms (cache miss)
661 http fetch GET 200 https://registry.npmjs.org/deep-extend/-/deep-extend-0.6.0.tgz 288ms (cache miss)
662 http fetch GET 200 https://registry.npmjs.org/isexe/-/isexe-2.0.0.tgz 294ms (cache miss)
663 http fetch GET 200 https://registry.npmjs.org/minimist/-/minimist-1.2.8.tgz 293ms (cache miss)
664 http fetch POST 200 https://registry.npmjs.org/-/npm/v1/security/advisories/bulk 356ms
665 silly audit report {
665 silly audit report   'on-headers': [
665 silly audit report     {
665 silly audit report       id: 1106812,
665 silly audit report       url: 'https://github.com/advisories/GHSA-76c9-3jph-rj3q',
665 silly audit report       title: 'on-headers is vulnerable to http response header manipulation',
665 silly audit report       severity: 'low',
665 silly audit report       vulnerable_versions: '<1.1.0',
665 silly audit report       cwe: [Array],
665 silly audit report       cvss: [Object]
665 silly audit report     }
665 silly audit report   ]
665 silly audit report }
666 silly packumentCache corgi:https://registry.npmjs.org/on-headers cache-miss
667 http fetch GET 200 https://registry.npmjs.org/ini/-/ini-1.3.8.tgz 309ms (cache miss)
668 http fetch GET 200 https://registry.npmjs.org/registry-url/-/registry-url-3.1.0.tgz 310ms (cache miss)
669 http fetch GET 200 https://registry.npmjs.org/color-convert/-/color-convert-2.0.1.tgz 332ms (cache miss)
670 http fetch GET 200 https://registry.npmjs.org/rc/-/rc-1.2.8.tgz 328ms (cache miss)
671 http fetch GET 200 https://registry.npmjs.org/strip-ansi/-/strip-ansi-7.1.0.tgz 356ms (cache miss)
672 http fetch GET 200 https://registry.npmjs.org/ansi-regex/-/ansi-regex-6.2.0.tgz 357ms (cache miss)
673 http fetch GET 200 https://registry.npmjs.org/registry-auth-token/-/registry-auth-token-3.3.2.tgz 364ms (cache miss)
674 http fetch GET 200 https://registry.npmjs.org/eastasianwidth/-/eastasianwidth-0.2.0.tgz 378ms (cache miss)
675 http fetch GET 200 https://registry.npmjs.org/emoji-regex/-/emoji-regex-9.2.2.tgz 391ms (cache miss)
676 http fetch GET 200 https://registry.npmjs.org/shebang-regex/-/shebang-regex-3.0.0.tgz 390ms (cache miss)
677 http fetch GET 200 https://registry.npmjs.org/brace-expansion/-/brace-expansion-1.1.12.tgz 399ms (cache miss)
678 http fetch GET 200 https://registry.npmjs.org/balanced-match/-/balanced-match-1.0.2.tgz 404ms (cache miss)
679 http fetch GET 200 https://registry.npmjs.org/path-to-regexp/-/path-to-regexp-3.3.0.tgz 406ms (cache miss)
680 http fetch GET 200 https://registry.npmjs.org/path-is-inside/-/path-is-inside-1.0.2.tgz 437ms (cache miss)
681 http fetch GET 200 https://registry.npmjs.org/concat-map/-/concat-map-0.0.1.tgz 437ms (cache miss)
682 http fetch GET 200 https://registry.npmjs.org/content-disposition/-/content-disposition-0.5.2.tgz 453ms (cache miss)
683 http fetch GET 200 https://registry.npmjs.org/minimatch/-/minimatch-3.1.2.tgz 473ms (cache miss)
684 http fetch GET 200 https://registry.npmjs.org/is-docker/-/is-docker-2.2.1.tgz 473ms (cache miss)
685 http fetch GET 200 https://registry.npmjs.org/range-parser/-/range-parser-1.2.0.tgz 488ms (cache miss)
686 http fetch GET 200 https://registry.npmjs.org/shebang-command/-/shebang-command-2.0.0.tgz 498ms (cache miss)
687 http fetch GET 200 https://registry.npmjs.org/path-key/-/path-key-3.1.1.tgz 504ms (cache miss)
688 http fetch GET 200 https://registry.npmjs.org/which/-/which-2.0.2.tgz 509ms (cache miss)
689 http fetch GET 200 https://registry.npmjs.org/mimic-fn/-/mimic-fn-2.1.0.tgz 520ms (cache miss)
690 http fetch GET 200 https://registry.npmjs.org/strip-final-newline/-/strip-final-newline-2.0.0.tgz 531ms (cache miss)
691 http fetch GET 200 https://registry.npmjs.org/signal-exit/-/signal-exit-3.0.7.tgz 535ms (cache miss)
692 http fetch GET 200 https://registry.npmjs.org/onetime/-/onetime-5.1.2.tgz 568ms (cache miss)
693 http fetch GET 200 https://registry.npmjs.org/npm-run-path/-/npm-run-path-4.0.1.tgz 574ms (cache miss)
694 http fetch GET 200 https://registry.npmjs.org/merge-stream/-/merge-stream-2.0.0.tgz 581ms (cache miss)
695 http fetch GET 200 https://registry.npmjs.org/is-stream/-/is-stream-2.0.1.tgz 614ms (cache miss)
696 http fetch GET 200 https://registry.npmjs.org/get-stream/-/get-stream-6.0.1.tgz 616ms (cache miss)
697 http fetch GET 200 https://registry.npmjs.org/human-signals/-/human-signals-2.1.0.tgz 630ms (cache miss)
698 http fetch GET 200 https://registry.npmjs.org/ms/-/ms-2.0.0.tgz 639ms (cache miss)
699 http fetch GET 200 https://registry.npmjs.org/mime-types/-/mime-types-2.1.35.tgz 662ms (cache miss)
700 http fetch GET 200 https://registry.npmjs.org/vary/-/vary-1.1.2.tgz 672ms (cache miss)
701 http fetch GET 200 https://registry.npmjs.org/on-headers/-/on-headers-1.0.2.tgz 678ms (cache miss)
702 http fetch GET 200 https://registry.npmjs.org/negotiator/-/negotiator-0.6.3.tgz 682ms (cache miss)
703 http fetch GET 200 https://registry.npmjs.org/safe-buffer/-/safe-buffer-5.1.2.tgz 687ms (cache miss)
704 http fetch GET 200 https://registry.npmjs.org/cross-spawn/-/cross-spawn-7.0.6.tgz 693ms (cache miss)
705 http fetch GET 200 https://registry.npmjs.org/compressible/-/compressible-2.0.18.tgz 694ms (cache miss)
706 http fetch GET 200 https://registry.npmjs.org/bytes/-/bytes-3.0.0.tgz 713ms (cache miss)
707 http fetch GET 200 https://registry.npmjs.org/is-wsl/-/is-wsl-2.2.0.tgz 720ms (cache miss)
708 http fetch GET 200 https://registry.npmjs.org/debug/-/debug-2.6.9.tgz 733ms (cache miss)
709 http fetch GET 200 https://registry.npmjs.org/wrap-ansi/-/wrap-ansi-8.1.0.tgz 743ms (cache miss)
710 http fetch GET 200 https://registry.npmjs.org/accepts/-/accepts-1.3.8.tgz 754ms (cache miss)
711 http fetch GET 200 https://registry.npmjs.org/arch/-/arch-2.2.0.tgz 812ms (cache miss)
712 http fetch GET 200 https://registry.npmjs.org/widest-line/-/widest-line-4.0.1.tgz 818ms (cache miss)
713 http fetch GET 200 https://registry.npmjs.org/string-width/-/string-width-5.1.2.tgz 824ms (cache miss)
714 http fetch GET 200 https://registry.npmjs.org/cli-boxes/-/cli-boxes-3.0.0.tgz 828ms (cache miss)
715 http fetch GET 200 https://registry.npmjs.org/camelcase/-/camelcase-7.0.1.tgz 848ms (cache miss)
716 http fetch GET 200 https://registry.npmjs.org/execa/-/execa-5.1.1.tgz 852ms (cache miss)
717 http fetch GET 200 https://registry.npmjs.org/ansi-align/-/ansi-align-3.0.1.tgz 876ms (cache miss)
718 http fetch GET 200 https://registry.npmjs.org/require-from-string/-/require-from-string-2.0.2.tgz 913ms (cache miss)
719 http fetch GET 200 https://registry.npmjs.org/json-schema-traverse/-/json-schema-traverse-1.0.0.tgz 916ms (cache miss)
720 http fetch GET 200 https://registry.npmjs.org/fast-deep-equal/-/fast-deep-equal-3.1.3.tgz 918ms (cache miss)
721 http fetch GET 200 https://registry.npmjs.org/is-port-reachable/-/is-port-reachable-4.0.0.tgz 924ms (cache miss)
722 http fetch GET 200 https://registry.npmjs.org/update-check/-/update-check-1.5.4.tgz 930ms (cache miss)
723 http fetch GET 200 https://registry.npmjs.org/serve-handler/-/serve-handler-6.1.6.tgz 973ms (cache miss)
724 http fetch GET 200 https://registry.npmjs.org/chalk-template/-/chalk-template-0.4.0.tgz 997ms (cache miss)
725 http fetch GET 200 https://registry.npmjs.org/chalk/-/chalk-5.0.1.tgz 1020ms (cache miss)
726 http fetch GET 200 https://registry.npmjs.org/compression/-/compression-1.7.4.tgz 1059ms (cache miss)
727 http fetch GET 200 https://registry.npmjs.org/arg/-/arg-5.0.2.tgz 1067ms (cache miss)
728 http fetch GET 200 https://registry.npmjs.org/type-fest/-/type-fest-2.19.0.tgz 1077ms (cache miss)
729 http fetch GET 200 https://registry.npmjs.org/boxen/-/boxen-7.0.0.tgz 1107ms (cache miss)
730 http fetch GET 200 https://registry.npmjs.org/uri-js/-/uri-js-4.4.1.tgz 1127ms (cache miss)
731 http fetch GET 200 https://registry.npmjs.org/serve/-/serve-14.2.4.tgz 1124ms (cache miss)
732 http fetch GET 200 https://registry.npmjs.org/ansi-regex/-/ansi-regex-5.0.1.tgz 1146ms (cache miss)
733 http fetch GET 200 https://registry.npmjs.org/@zeit/schemas/-/schemas-2.36.0.tgz 1179ms (cache miss)
734 http fetch GET 200 https://registry.npmjs.org/mime-db/-/mime-db-1.54.0.tgz 1202ms (cache miss)
735 http fetch GET 200 https://registry.npmjs.org/mime-db/-/mime-db-1.52.0.tgz 1187ms (cache miss)
736 http fetch GET 200 https://registry.npmjs.org/strip-ansi/-/strip-ansi-6.0.1.tgz 1187ms (cache miss)
737 http fetch GET 200 https://registry.npmjs.org/string-width/-/string-width-4.2.3.tgz 1186ms (cache miss)
738 http fetch GET 200 https://registry.npmjs.org/mime-db/-/mime-db-1.33.0.tgz 1188ms (cache miss)
739 http fetch GET 200 https://registry.npmjs.org/emoji-regex/-/emoji-regex-8.0.0.tgz 1241ms (cache miss)
740 http fetch GET 200 https://registry.npmjs.org/ansi-styles/-/ansi-styles-4.3.0.tgz 1348ms (cache miss)
741 http fetch GET 200 https://registry.npmjs.org/chalk/-/chalk-4.1.2.tgz 1369ms (cache miss)
742 http fetch GET 200 https://registry.npmjs.org/on-headers 1160ms (cache miss)
743 silly packumentCache corgi:https://registry.npmjs.org/on-headers set size:undefined disposed:false
744 silly packumentCache corgi:https://registry.npmjs.org/compression cache-miss
745 http fetch GET 200 https://registry.npmjs.org/clipboardy/-/clipboardy-3.0.0.tgz 1601ms (cache miss)
746 http fetch GET 200 https://registry.npmjs.org/mime-types/-/mime-types-2.1.18.tgz 1637ms (cache miss)
747 http fetch GET 200 https://registry.npmjs.org/compression 195ms (cache miss)
748 silly packumentCache corgi:https://registry.npmjs.org/compression set size:undefined disposed:false
749 silly packumentCache corgi:https://registry.npmjs.org/serve cache-miss
750 http cache https://registry.npmjs.org/serve 11ms (cache hit)
751 silly packumentCache corgi:https://registry.npmjs.org/serve set size:191902 disposed:false
752 http fetch GET 200 https://registry.npmjs.org/ajv/-/ajv-8.12.0.tgz 2406ms (cache miss)
